Welcome to Cetus3Dbasic
setup: WiFi 'MaartensWifi' ... ESP8266 at 192.168.178.63
setup: Finding Cetus3D ... found 'MaartensCetus3D' at 192.168.178.10
stat:  seq#  clock : stat/statusname      layer  height done   remain  nozzle  hotbed 
loop: Get status failed
loop: Get status failed
loop: Get status failed
loop: Get status failed
loop: Get status failed
loop: Get status failed
stat: 00000 00043s : 0202/printing        L0000   0.0mm   0%  1:39:17  38.32C  17.32C 
stat: 00001 00048s : 0202/printing        L0000   0.0mm   0%  1:39:17  49.30C  17.32C 
stat: 00002 00053s : 0202/printing        L0000   0.0mm   0%  1:39:17  65.92C  17.32C 
stat: 00003 00059s : 0202/printing        L0000   0.0mm   0%  1:39:17  81.56C  17.32C 
stat: 00004 00064s : 0202/printing        L0000   0.0mm   0%  1:39:17  91.36C  17.32C 
stat: 00005 00069s : 0202/printing        L0000   0.0mm   0%  1:39:17 105.28C  17.32C 
stat: 00006 00075s : 0202/printing        L0000   0.0mm   0%  1:39:17 114.04C  17.32C 
stat: 00007 00080s : 0202/printing        L0000   0.0mm   0%  1:39:17 126.46C  17.32C 
stat: 00008 00085s : 0202/printing        L0000   0.0mm   0%  1:39:17 138.06C  17.32C 
stat: 00009 00091s : 0202/printing        L0000   0.0mm   0%  1:39:17 145.40C  17.32C 
stat: 00010 00096s : 0202/printing        L0000   0.0mm   0%  1:39:17 155.88C  17.32C 
stat: 00011 00101s : 0202/printing        L0000   0.0mm   0%  1:39:17 162.42C  17.32C 
stat: 00012 00106s : 0202/printing        L0000   0.0mm   0%  1:39:17 171.70C  17.32C 
stat: 00013 00112s : 0202/printing        L0000   0.0mm   0%  1:39:17 180.44C  17.32C 
stat: 00014 00118s : 0202/printing        L0000   0.0mm   0%  1:39:17 188.64C  17.32C 
stat: 00015 00123s : 0202/printing        L0000   0.0mm   0%  1:39:17   0.96x   0.34x 
stat: 00016 00128s : 0202/printing        L0000   0.0mm   0%  1:39:17   0.98x   0.34x 
stat: 00017 00134s : 0202/printing        L0001   0.0mm   0%  1:39:17   1.00x   0.34x 
stat: 00018 00139s : 0202/printing        L0001   0.0mm   0%  1:39:17   1.00x   0.34x 
stat: 00019 00144s : 0202/printing        L0001   0.0mm   0%  1:39:17   1.00x   0.34x 
stat: 00020 00150s : 0202/printing        L0001   0.0mm   0%  1:39:17   1.00x   0.34x 
stat: 00021 00155s : 0202/printing        L0001   0.0mm   0%  1:39:17   1.00x   0.34x 
stat: 00022 00160s : 0202/printing        L0001   0.0mm   0%  1:39:17   1.00x   0.34x 
stat: 00023 00165s : 0202/printing        L0001   0.0mm   0%  1:39:17   0.98x   0.34x 
stat: 00024 00171s : 0202/printing        L0001   0.0mm   0%  1:39:17   0.98x   0.34x 
stat: 00025 00176s : 0202/printing        L0001   0.0mm   0%  1:39:17   0.98x   0.34x 
stat: 00026 00181s : 0202/printing        L0001   0.0mm   0%  1:39:17   0.98x   0.34x 
stat: 00027 00187s : 0202/printing        L0001   0.0mm   0%  1:39:17   1.00x   0.34x 
stat: 00028 00192s : 0202/printing        L0001   0.0mm   0%  1:39:17   0.98x   0.34x 
stat: 00029 00197s : 0202/printing        L0002   0.0mm   2%  1:37:02   0.98x   0.34x 
stat: 00030 00203s : 0202/printing        L0002   0.0mm   2%  1:37:02   1.02x   0.34x 
stat: 00031 00208s : 0202/printing        L0002   0.0mm   2%  1:37:02   1.00x   0.34x 
stat: 00032 00213s : 0202/printing        L0002   0.0mm   2%  1:37:02   0.98x   0.34x 
stat: 00033 00219s : 0202/printing        L0002   0.0mm   2%  1:37:02   0.98x   0.34x 
stat: 00034 00224s : 0202/printing        L0003   0.0mm   3%  1:36:12   1.00x   0.34x 
stat: 00035 00229s : 0202/printing        L0003   0.0mm   3%  1:36:12   1.00x   0.34x 
stat: 00036 00234s : 0202/printing        L0003   0.0mm   3%  1:36:12   0.98x   0.34x 
stat: 00037 00240s : 0202/printing        L0003   0.0mm   3%  1:36:12   0.98x   0.34x 
stat: 00038 00245s : 0202/printing        L0004   0.0mm   4%  1:35:18   0.98x   0.34x 
stat: 00039 00251s : 0202/printing        L0004   0.0mm   4%  1:35:18   0.98x   0.34x 
stat: 00040 00256s : 0202/printing        L0004   0.0mm   4%  1:35:18   0.98x   0.34x 
stat: 00041 00261s : 0202/printing        L0004   0.0mm   4%  1:35:18   1.00x   0.34x 
stat: 00042 00267s : 0202/printing        L0004   0.0mm   4%  1:35:18   1.00x   0.34x 
stat: 00043 00272s : 0202/printing        L0005   0.0mm   4%  1:34:23   1.00x   0.34x 
stat: 00044 00278s : 0202/printing        L0005   0.0mm   4%  1:34:23   1.00x   0.34x 
stat: 00045 00283s : 0202/printing        L0005   0.0mm   4%  1:34:23   1.00x   0.34x 
stat: 00046 00288s : 0202/printing        L0005   0.0mm   4%  1:34:23   1.00x   0.34x 
stat: 00047 00294s : 0202/printing        L0006   0.0mm   5%  1:33:59   1.00x   0.34x 
stat: 00048 00301s : 0202/printing        L0006   0.0mm   5%  1:33:59   0.98x   0.34x 
stat: 00049 00306s : 0202/printing        L0006   0.0mm   5%  1:33:59   0.98x   0.34x 
stat: 00050 00312s : 0202/printing        L0006   0.0mm   5%  1:33:59   0.98x   0.34x 
stat: 00051 00317s : 0202/printing        L0007   0.0mm   5%  1:33:39   0.98x   0.34x 
stat: 00052 00322s : 0202/printing        L0007   0.0mm   5%  1:33:39   1.00x   0.34x 
stat: 00053 00327s : 0202/printing        L0007   0.0mm   5%  1:33:39   0.98x   0.34x 
stat: 00054 00333s : 0202/printing        L0008   0.0mm   6%  1:33:19   0.98x   0.34x 
stat: 00055 00339s : 0202/printing        L0008   0.0mm   6%  1:33:19   1.00x   0.34x 
stat: 00056 00344s : 0202/printing        L0008   0.0mm   6%  1:33:19   1.00x   0.34x 
stat: 00057 00349s : 0202/printing        L0008   0.0mm   6%  1:33:19   1.00x   0.34x 
stat: 00058 00355s : 0202/printing        L0009   0.0mm   6%  1:33:00   0.98x   0.34x 
stat: 00059 00360s : 0202/printing        L0009   0.0mm   6%  1:33:00   0.98x   0.34x 
stat: 00060 00365s : 0202/printing        L0009   0.0mm   6%  1:33:00   0.98x   0.34x 
stat: 00061 00371s : 0202/printing        L0009   0.0mm   6%  1:33:00   1.00x   0.34x 
stat: 00062 00376s : 0202/printing        L0010   0.0mm   6%  1:32:40   1.00x   0.34x 
stat: 00063 00381s : 0202/printing        L0010   0.0mm   6%  1:32:40   1.00x   0.34x 
stat: 00064 00386s : 0202/printing        L0010   0.0mm   6%  1:32:40   0.98x   0.34x 
stat: 00065 00392s : 0202/printing        L0011   0.0mm   6%  1:32:20   1.00x   0.34x 
stat: 00066 00397s : 0202/printing        L0011   0.0mm   6%  1:32:20   1.00x   0.34x 
stat: 00067 00402s : 0202/printing        L0011   0.0mm   6%  1:32:20   0.98x   0.34x 
stat: 00068 00408s : 0202/printing        L0011   0.0mm   6%  1:32:20   0.98x   0.34x 
stat: 00069 00413s : 0202/printing        L0012   0.0mm   7%  1:32:00   1.00x   0.34x 
stat: 00070 00418s : 0202/printing        L0012   0.0mm   7%  1:32:00   1.00x   0.34x 
stat: 00071 00424s : 0202/printing        L0012   0.0mm   7%  1:32:00   0.98x   0.34x 
stat: 00072 00429s : 0202/printing        L0012   0.0mm   7%  1:32:00   1.00x   0.34x 
stat: 00073 00435s : 0202/printing        L0013   0.0mm   7%  1:31:40   1.00x   0.34x 
stat: 00074 00440s : 0202/printing        L0013   0.0mm   7%  1:31:40   0.98x   0.34x 
stat: 00075 00445s : 0202/printing        L0013   0.0mm   7%  1:31:40   0.98x   0.34x 
stat: 00076 00451s : 0202/printing        L0013   0.0mm   7%  1:31:40   0.98x   0.34x 
stat: 00077 00456s : 0202/printing        L0014   0.0mm   7%  1:31:21   1.00x   0.34x 
stat: 00078 00462s : 0202/printing        L0014   0.0mm   7%  1:31:21   1.00x   0.34x 
stat: 00079 00467s : 0202/printing        L0014   0.0mm   7%  1:31:21   0.98x   0.34x 
stat: 00080 00472s : 0202/printing        L0015   0.0mm   8%  1:31:01   1.00x   0.34x 
stat: 00081 00478s : 0202/printing        L0015   0.0mm   8%  1:31:01   0.98x   0.34x 
stat: 00082 00483s : 0202/printing        L0015   0.0mm   8%  1:31:01   0.98x   0.34x 
stat: 00083 00488s : 0202/printing        L0015   0.0mm   8%  1:31:01   0.98x   0.34x 
stat: 00084 00494s : 0202/printing        L0016   0.0mm   8%  1:30:41   1.00x   0.34x 
stat: 00085 00499s : 0202/printing        L0016   0.0mm   8%  1:30:41   1.00x   0.34x 
stat: 00086 00505s : 0202/printing        L0016   0.0mm   8%  1:30:41   1.00x   0.34x 
stat: 00087 00510s : 0202/printing        L0017   0.1mm   8%  1:30:25   0.98x   0.34x 
stat: 00088 00515s : 0202/printing        L0017   0.1mm   8%  1:30:25   1.00x   0.34x 
stat: 00089 00520s : 0202/printing        L0018   0.1mm   9%  1:30:11   1.00x   0.34x 
stat: 00090 00526s : 0202/printing        L0018   0.1mm   9%  1:30:11   0.98x   0.34x 
stat: 00091 00531s : 0202/printing        L0018   0.1mm   9%  1:30:11   0.98x   0.34x 
stat: 00092 00537s : 0202/printing        L0019   0.2mm   9%  1:29:58   1.00x   0.34x 
stat: 00093 00542s : 0202/printing        L0019   0.2mm   9%  1:29:58   1.00x   0.34x 
stat: 00094 00547s : 0202/printing        L0020   0.2mm   9%  1:29:45   1.00x   0.34x 
stat: 00095 00553s : 0202/printing        L0020   0.2mm   9%  1:29:45   0.98x   0.34x 
stat: 00096 00558s : 0202/printing        L0020   0.2mm   9%  1:29:45   0.98x   0.34x 
stat: 00097 00564s : 0202/printing        L0021   0.3mm   9%  1:29:31   0.98x   0.34x 
stat: 00098 00569s : 0202/printing        L0021   0.3mm   9%  1:29:31   1.00x   0.34x 
stat: 00099 00574s : 0202/printing        L0022   0.3mm  10%  1:29:18   1.00x   0.34x 
stat: 00100 00580s : 0202/printing        L0022   0.3mm  10%  1:29:18   1.00x   0.34x 
stat: 00101 00585s : 0202/printing        L0022   0.3mm  10%  1:29:18   1.00x   0.34x 
stat: 00102 00590s : 0202/printing        L0023   0.4mm  10%  1:29:05   0.98x   0.34x 
stat: 00103 00596s : 0202/printing        L0023   0.4mm  10%  1:29:05   1.00x   0.34x 
stat: 00104 00601s : 0202/printing        L0024   0.4mm  10%  1:28:51   0.98x   0.34x 
stat: 00105 00606s : 0202/printing        L0024   0.4mm  10%  1:28:51   1.00x   0.34x 
stat: 00106 00612s : 0202/printing        L0024   0.4mm  10%  1:28:51   0.98x   0.34x 
stat: 00107 00617s : 0202/printing        L0025   0.5mm  10%  1:28:38   0.98x   0.34x 
stat: 00108 00622s : 0202/printing        L0025   0.5mm  10%  1:28:38   1.00x   0.34x 
stat: 00109 00628s : 0202/printing        L0026   0.5mm  10%  1:28:25   1.00x   0.34x 
stat: 00110 00633s : 0202/printing        L0026   0.5mm  10%  1:28:25   1.00x   0.34x 
stat: 00111 00638s : 0202/printing        L0026   0.5mm  10%  1:28:25   1.00x   0.34x 
stat: 00112 00644s : 0202/printing        L0027   0.6mm  11%  1:28:11   0.98x   0.34x 
stat: 00113 00649s : 0202/printing        L0027   0.6mm  11%  1:28:11   0.98x   0.34x 
stat: 00114 00654s : 0202/printing        L0028   0.6mm  11%  1:28:00   0.98x   0.34x 
stat: 00115 00660s : 0202/printing        L0028   0.6mm  11%  1:28:00   1.00x   0.34x 
stat: 00116 00665s : 0202/printing        L0029   0.7mm  11%  1:27:48   0.98x   0.34x 
stat: 00117 00670s : 0202/printing        L0029   0.7mm  11%  1:27:48   0.98x   0.34x 
stat: 00118 00676s : 0202/printing        L0030   0.7mm  11%  1:27:37   1.00x   0.34x 
stat: 00119 00681s : 0202/printing        L0030   0.7mm  11%  1:27:37   1.00x   0.34x 
stat: 00120 00687s : 0202/printing        L0031   0.8mm  11%  1:27:25   0.98x   0.34x 
stat: 00121 00692s : 0202/printing        L0031   0.8mm  11%  1:27:25   0.98x   0.34x 
stat: 00122 00698s : 0202/printing        L0032   0.8mm  12%  1:27:14   1.00x   0.34x 
stat: 00123 00703s : 0202/printing        L0032   0.8mm  12%  1:27:14   1.00x   0.34x 
stat: 00124 00708s : 0202/printing        L0033   0.9mm  12%  1:27:02   0.98x   0.34x 
stat: 00125 00714s : 0202/printing        L0033   0.9mm  12%  1:27:02   0.98x   0.34x 
stat: 00126 00719s : 0202/printing        L0034   0.9mm  12%  1:26:51   1.00x   0.34x 
stat: 00127 00724s : 0202/printing        L0034   0.9mm  12%  1:26:51   1.00x   0.34x 
stat: 00128 00729s : 0202/printing        L0034   0.9mm  12%  1:26:51   0.98x   0.34x 
stat: 00129 00735s : 0202/printing        L0035   1.0mm  12%  1:26:39   0.98x   0.34x 
stat: 00130 00740s : 0202/printing        L0035   1.0mm  12%  1:26:39   1.00x   0.34x 
stat: 00131 00745s : 0202/printing        L0036   1.0mm  12%  1:26:28   1.00x   0.34x 
stat: 00132 00751s : 0202/printing        L0036   1.0mm  12%  1:26:28   0.98x   0.34x 
stat: 00133 00756s : 0202/printing        L0037   1.1mm  13%  1:26:16   0.98x   0.34x 
stat: 00134 00761s : 0202/printing        L0037   1.1mm  13%  1:26:16   0.98x   0.34x 
stat: 00135 00767s : 0202/printing        L0038   1.1mm  13%  1:26:04   0.98x   0.34x 
stat: 00136 00772s : 0202/printing        L0038   1.1mm  13%  1:26:04   0.98x   0.34x 
stat: 00137 00777s : 0202/printing        L0039   1.2mm  13%  1:25:53   1.00x   0.34x 
stat: 00138 00783s : 0202/printing        L0039   1.2mm  13%  1:25:53   0.98x   0.34x 
stat: 00139 00788s : 0202/printing        L0040   1.2mm  13%  1:25:41   1.00x   0.34x 
stat: 00140 00793s : 0202/printing        L0040   1.2mm  13%  1:25:41   1.00x   0.34x 
stat: 00141 00798s : 0202/printing        L0041   1.3mm  13%  1:25:30   1.00x   0.34x 
stat: 00142 00804s : 0202/printing        L0041   1.3mm  13%  1:25:30   1.00x   0.34x 
stat: 00143 00809s : 0202/printing        L0041   1.3mm  13%  1:25:30   1.00x   0.34x 
stat: 00144 00814s : 0202/printing        L0042   1.3mm  14%  1:25:18   0.98x   0.34x 
stat: 00145 00820s : 0202/printing        L0042   1.3mm  14%  1:25:18   0.98x   0.34x 
stat: 00146 00825s : 0202/printing        L0043   1.4mm  14%  1:25:07   0.98x   0.34x 
stat: 00147 00830s : 0202/printing        L0043   1.4mm  14%  1:25:07   1.00x   0.34x 
stat: 00148 00836s : 0202/printing        L0044   1.4mm  14%  1:24:55   1.00x   0.34x 
stat: 00149 00841s : 0202/printing        L0044   1.4mm  14%  1:24:55   1.00x   0.34x 
stat: 00150 00846s : 0202/printing        L0045   1.5mm  14%  1:24:44   0.98x   0.34x 
stat: 00151 00852s : 0202/printing        L0045   1.5mm  14%  1:24:44   0.98x   0.34x 
stat: 00152 00857s : 0202/printing        L0046   1.5mm  14%  1:24:32   1.00x   0.34x 
stat: 00153 00863s : 0202/printing        L0046   1.5mm  14%  1:24:32   1.00x   0.34x 
stat: 00154 00868s : 0202/printing        L0047   1.6mm  15%  1:24:21   0.98x   0.34x 
stat: 00155 00874s : 0202/printing        L0047   1.6mm  15%  1:24:21   1.00x   0.34x 
stat: 00156 00879s : 0202/printing        L0048   1.6mm  15%  1:24:09   0.98x   0.34x 
stat: 00157 00884s : 0202/printing        L0048   1.6mm  15%  1:24:09   1.00x   0.34x 
stat: 00158 00890s : 0202/printing        L0049   1.7mm  15%  1:23:58   1.00x   0.34x 
stat: 00159 00895s : 0202/printing        L0049   1.7mm  15%  1:23:58   1.00x   0.34x 
stat: 00160 00900s : 0202/printing        L0050   1.7mm  15%  1:23:46   0.98x   0.34x 
stat: 00161 00906s : 0202/printing        L0050   1.7mm  15%  1:23:46   0.98x   0.34x 
stat: 00162 00911s : 0202/printing        L0050   1.7mm  15%  1:23:46   0.98x   0.34x 
stat: 00163 00916s : 0202/printing        L0051   1.8mm  15%  1:23:35   1.00x   0.34x 
stat: 00164 00922s : 0202/printing        L0051   1.8mm  15%  1:23:35   0.98x   0.34x 
stat: 00165 00927s : 0202/printing        L0052   1.8mm  16%  1:23:23   0.98x   0.34x 
stat: 00166 00932s : 0202/printing        L0052   1.8mm  16%  1:23:23   0.98x   0.34x 
stat: 00167 00937s : 0202/printing        L0053   1.9mm  16%  1:23:12   1.00x   0.34x 
stat: 00168 00943s : 0202/printing        L0053   1.9mm  16%  1:23:12   1.00x   0.34x 
stat: 00169 00948s : 0202/printing        L0054   1.9mm  16%  1:23:00   1.00x   0.34x 
stat: 00170 00953s : 0202/printing        L0054   1.9mm  16%  1:23:00   0.98x   0.34x 
stat: 00171 00959s : 0202/printing        L0055   2.0mm  16%  1:22:49   0.98x   0.34x 
stat: 00172 00964s : 0202/printing        L0055   2.0mm  16%  1:22:49   1.00x   0.34x 
stat: 00173 00969s : 0202/printing        L0056   2.0mm  16%  1:22:37   1.00x   0.34x 
stat: 00174 00975s : 0202/printing        L0056   2.0mm  16%  1:22:37   1.00x   0.34x 
stat: 00175 00980s : 0202/printing        L0057   2.1mm  16%  1:22:26   1.00x   0.34x 
stat: 00176 00985s : 0202/printing        L0057   2.1mm  16%  1:22:26   1.00x   0.34x 
stat: 00177 00990s : 0202/printing        L0057   2.1mm  16%  1:22:26   1.00x   0.34x 
stat: 00178 00996s : 0202/printing        L0058   2.1mm  17%  1:22:14   0.98x   0.34x 
stat: 00179 01001s : 0202/printing        L0058   2.1mm  17%  1:22:14   1.00x   0.34x 
stat: 00180 01006s : 0202/printing        L0059   2.2mm  17%  1:22:03   0.98x   0.34x 
stat: 00181 01012s : 0202/printing        L0059   2.2mm  17%  1:22:03   0.98x   0.34x 
stat: 00182 01017s : 0202/printing        L0060   2.2mm  17%  1:21:51   0.98x   0.34x 
stat: 00183 01022s : 0202/printing        L0060   2.2mm  17%  1:21:51   0.98x   0.34x 
stat: 00184 01028s : 0202/printing        L0061   2.3mm  17%  1:21:39   1.00x   0.34x 
stat: 00185 01033s : 0202/printing        L0061   2.3mm  17%  1:21:39   1.00x   0.34x 
stat: 00186 01039s : 0202/printing        L0062   2.3mm  17%  1:21:28   1.00x   0.34x 
stat: 00187 01044s : 0202/printing        L0062   2.3mm  17%  1:21:28   0.98x   0.34x 
stat: 00188 01049s : 0202/printing        L0063   2.4mm  18%  1:21:17   0.98x   0.34x 
stat: 00189 01055s : 0202/printing        L0063   2.4mm  18%  1:21:17   1.00x   0.34x 
stat: 00190 01060s : 0202/printing        L0064   2.4mm  18%  1:21:05   1.00x   0.34x 
stat: 00191 01066s : 0202/printing        L0064   2.4mm  18%  1:21:05   0.98x   0.34x 
stat: 00192 01072s : 0202/printing        L0065   2.5mm  18%  1:20:54   0.98x   0.34x 
stat: 00193 01077s : 0202/printing        L0065   2.5mm  18%  1:20:54   0.98x   0.34x 
stat: 00194 01082s : 0202/printing        L0066   2.5mm  18%  1:20:42   0.98x   0.34x 
stat: 00195 01087s : 0202/printing        L0066   2.5mm  18%  1:20:42   1.00x   0.34x 
stat: 00196 01093s : 0202/printing        L0067   2.6mm  18%  1:20:31   0.98x   0.34x 
stat: 00197 01098s : 0202/printing        L0067   2.6mm  18%  1:20:31   0.98x   0.34x 
stat: 00198 01103s : 0202/printing        L0067   2.6mm  18%  1:20:31   1.00x   0.34x 
stat: 00199 01109s : 0202/printing        L0068   2.6mm  19%  1:20:20   1.00x   0.34x 
stat: 00200 01114s : 0202/printing        L0068   2.6mm  19%  1:20:20   0.98x   0.34x 
stat: 00201 01119s : 0202/printing        L0069   2.7mm  19%  1:20:08   0.98x   0.34x 
stat: 00202 01125s : 0202/printing        L0069   2.7mm  19%  1:20:08   0.98x   0.34x 
stat: 00203 01130s : 0202/printing        L0070   2.7mm  19%  1:19:57   1.00x   0.34x 
stat: 00204 01135s : 0202/printing        L0070   2.7mm  19%  1:19:57   1.00x   0.34x 
stat: 00205 01140s : 0202/printing        L0071   2.8mm  19%  1:19:45   1.00x   0.34x 
stat: 00206 01146s : 0202/printing        L0071   2.8mm  19%  1:19:45   1.00x   0.34x 
stat: 00207 01151s : 0202/printing        L0072   2.8mm  19%  1:19:34   1.00x   0.34x 
stat: 00208 01156s : 0202/printing        L0072   2.8mm  19%  1:19:34   1.00x   0.34x 
stat: 00209 01162s : 0202/printing        L0073   2.9mm  20%  1:19:23   0.98x   0.34x 
stat: 00210 01167s : 0202/printing        L0073   2.9mm  20%  1:19:23   0.98x   0.34x 
stat: 00211 01174s : 0202/printing        L0073   2.9mm  20%  1:19:23   1.00x   0.34x 
stat: 00212 01179s : 0202/printing        L0074   2.9mm  20%  1:19:08   0.98x   0.34x 
stat: 00213 01184s : 0202/printing        L0074   2.9mm  20%  1:19:08   1.00x   0.34x 
stat: 00214 01190s : 0202/printing        L0075   3.0mm  20%  1:18:54   0.98x   0.34x 
stat: 00215 01195s : 0202/printing        L0075   3.0mm  20%  1:18:54   0.98x   0.34x 
stat: 00216 01200s : 0202/printing        L0075   3.0mm  20%  1:18:54   0.98x   0.34x 
stat: 00217 01205s : 0202/printing        L0076   3.0mm  20%  1:18:40   1.00x   0.34x 
stat: 00218 01211s : 0202/printing        L0076   3.0mm  20%  1:18:40   1.00x   0.34x 
stat: 00219 01216s : 0202/printing        L0077   3.1mm  20%  1:18:26   1.00x   0.34x 
stat: 00220 01221s : 0202/printing        L0077   3.1mm  20%  1:18:26   1.00x   0.34x 
stat: 00221 01227s : 0202/printing        L0077   3.1mm  20%  1:18:26   1.00x   0.34x 
stat: 00222 01232s : 0202/printing        L0078   3.1mm  21%  1:18:12   0.98x   0.34x 
stat: 00223 01237s : 0202/printing        L0078   3.1mm  21%  1:18:12   1.00x   0.34x 
stat: 00224 01243s : 0202/printing        L0078   3.1mm  21%  1:18:12   1.00x   0.34x 
stat: 00225 01248s : 0202/printing        L0079   3.2mm  21%  1:17:58   1.00x   0.34x 
stat: 00226 01254s : 0202/printing        L0079   3.2mm  21%  1:17:58   0.98x   0.34x 
stat: 00227 01259s : 0202/printing        L0080   3.2mm  21%  1:17:44   0.98x   0.34x 
stat: 00228 01264s : 0202/printing        L0080   3.2mm  21%  1:17:44   0.98x   0.34x 
stat: 00229 01270s : 0202/printing        L0080   3.2mm  21%  1:17:44   0.98x   0.34x 
stat: 00230 01275s : 0202/printing        L0081   3.3mm  21%  1:17:31   0.98x   0.34x 
stat: 00231 01281s : 0202/printing        L0081   3.3mm  21%  1:17:31   0.98x   0.34x 
stat: 00232 01286s : 0202/printing        L0082   3.3mm  22%  1:17:17   1.00x   0.34x 
stat: 00233 01291s : 0202/printing        L0082   3.3mm  22%  1:17:17   1.00x   0.34x 
stat: 00234 01297s : 0202/printing        L0082   3.3mm  22%  1:17:17   0.98x   0.34x 
stat: 00235 01302s : 0202/printing        L0083   3.4mm  22%  1:17:03   0.98x   0.34x 
stat: 00236 01307s : 0202/printing        L0083   3.4mm  22%  1:17:03   0.98x   0.34x 
stat: 00237 01313s : 0202/printing        L0084   3.4mm  22%  1:16:49   1.00x   0.34x 
stat: 00238 01319s : 0202/printing        L0084   3.4mm  22%  1:16:49   1.00x   0.34x 
stat: 00239 01324s : 0202/printing        L0084   3.4mm  22%  1:16:49   0.98x   0.34x 
stat: 00240 01330s : 0202/printing        L0085   3.5mm  22%  1:16:35   1.00x   0.34x 
stat: 00241 01335s : 0202/printing        L0085   3.5mm  22%  1:16:35   0.98x   0.34x 
stat: 00242 01340s : 0202/printing        L0085   3.5mm  22%  1:16:35   0.98x   0.34x 
stat: 00243 01346s : 0202/printing        L0086   3.5mm  23%  1:16:19   0.98x   0.34x 
stat: 00244 01351s : 0202/printing        L0086   3.5mm  23%  1:16:19   1.00x   0.34x 
stat: 00245 01356s : 0202/printing        L0087   3.6mm  23%  1:16:04   1.00x   0.34x 
stat: 00246 01362s : 0202/printing        L0087   3.6mm  23%  1:16:04   0.98x   0.34x 
stat: 00247 01367s : 0202/printing        L0087   3.6mm  23%  1:16:04   1.00x   0.34x 
stat: 00248 01372s : 0202/printing        L0088   3.6mm  23%  1:15:49   0.98x   0.34x 
stat: 00249 01377s : 0202/printing        L0088   3.6mm  23%  1:15:49   0.98x   0.34x 
stat: 00250 01384s : 0202/printing        L0088   3.6mm  23%  1:15:49   0.98x   0.34x 
stat: 00251 01389s : 0202/printing        L0089   3.7mm  23%  1:15:34   1.00x   0.34x 
stat: 00252 01394s : 0202/printing        L0089   3.7mm  23%  1:15:34   1.00x   0.34x 
stat: 00253 01399s : 0202/printing        L0090   3.7mm  24%  1:15:20   0.98x   0.34x 
stat: 00254 01405s : 0202/printing        L0090   3.7mm  24%  1:15:20   1.00x   0.34x 
stat: 00255 01410s : 0202/printing        L0090   3.7mm  24%  1:15:20   1.00x   0.34x 
stat: 00256 01415s : 0202/printing        L0091   3.8mm  24%  1:15:06   1.00x   0.34x 
stat: 00257 01421s : 0202/printing        L0091   3.8mm  24%  1:15:06   1.00x   0.34x 
stat: 00258 01426s : 0202/printing        L0092   3.8mm  24%  1:14:53   1.00x   0.34x 
stat: 00259 01431s : 0202/printing        L0092   3.8mm  24%  1:14:53   1.00x   0.34x 
stat: 00260 01437s : 0202/printing        L0092   3.8mm  24%  1:14:53   1.00x   0.34x 
stat: 00261 01442s : 0202/printing        L0093   3.9mm  24%  1:14:40   1.00x   0.34x 
stat: 00262 01448s : 0202/printing        L0093   3.9mm  24%  1:14:40   1.00x   0.34x 
stat: 00263 01454s : 0202/printing        L0094   3.9mm  25%  1:14:27   1.00x   0.34x 
stat: 00264 01459s : 0202/printing        L0094   3.9mm  25%  1:14:27   0.98x   0.34x 
stat: 00265 01464s : 0202/printing        L0095   4.0mm  25%  1:14:15   0.98x   0.34x 
stat: 00266 01470s : 0202/printing        L0095   4.0mm  25%  1:14:15   0.98x   0.34x 
stat: 00267 01476s : 0202/printing        L0096   4.0mm  25%  1:14:03   1.00x   0.34x 
stat: 00268 01481s : 0202/printing        L0096   4.0mm  25%  1:14:03   0.98x   0.34x 
loop: Get status failed
stat: 00269 01493s : 0202/printing        L0097   4.1mm  25%  1:13:50   1.00x   0.34x 
stat: 00270 01499s : 0202/printing        L0098   4.1mm  25%  1:13:38   1.00x   0.34x 
stat: 00271 01504s : 0202/printing        L0098   4.1mm  25%  1:13:38   1.00x   0.34x 
stat: 00272 01509s : 0202/printing        L0098   4.1mm  25%  1:13:38   1.00x   0.34x 
stat: 00273 01515s : 0202/printing        L0099   4.2mm  26%  1:13:26   1.00x   0.34x 
stat: 00274 01520s : 0202/printing        L0099   4.2mm  26%  1:13:26   0.98x   0.34x 
stat: 00275 01526s : 0202/printing        L0100   4.2mm  26%  1:13:14   0.98x   0.34x 
loop: Get status failed
stat: 00276 01538s : 0202/printing        L0101   4.3mm  26%  1:13:02   1.00x   0.34x 
stat: 00277 01543s : 0202/printing        L0101   4.3mm  26%  1:13:02   1.00x   0.34x 
stat: 00278 01548s : 0202/printing        L0102   4.3mm  26%  1:12:50   1.00x   0.34x 
stat: 00279 01554s : 0202/printing        L0102   4.3mm  26%  1:12:50   0.98x   0.34x 
stat: 00280 01559s : 0202/printing        L0103   4.4mm  26%  1:12:38   0.98x   0.34x 
stat: 00281 01564s : 0202/printing        L0103   4.4mm  26%  1:12:38   1.00x   0.34x 
stat: 00282 01570s : 0202/printing        L0104   4.4mm  27%  1:12:26   1.00x   0.34x 
stat: 00283 01575s : 0202/printing        L0104   4.4mm  27%  1:12:26   1.00x   0.34x 
stat: 00284 01580s : 0202/printing        L0104   4.4mm  27%  1:12:26   1.00x   0.34x 
stat: 00285 01586s : 0202/printing        L0105   4.5mm  27%  1:12:14   0.98x   0.34x 
stat: 00286 01591s : 0202/printing        L0105   4.5mm  27%  1:12:14   0.98x   0.34x 
stat: 00287 01596s : 0202/printing        L0106   4.5mm  27%  1:12:02   0.98x   0.34x 
stat: 00288 01602s : 0202/printing        L0106   4.5mm  27%  1:12:02   1.00x   0.34x 
stat: 00289 01607s : 0202/printing        L0107   4.6mm  27%  1:11:49   1.00x   0.34x 
stat: 00290 01612s : 0202/printing        L0107   4.6mm  27%  1:11:49   0.98x   0.34x 
stat: 00291 01617s : 0202/printing        L0108   4.6mm  27%  1:11:37   0.98x   0.34x 
stat: 00292 01623s : 0202/printing        L0108   4.6mm  27%  1:11:37   1.00x   0.34x 
stat: 00293 01628s : 0202/printing        L0108   4.6mm  27%  1:11:37   1.00x   0.34x 
stat: 00294 01633s : 0202/printing        L0109   4.7mm  28%  1:11:25   1.00x   0.34x 
stat: 00295 01639s : 0202/printing        L0109   4.7mm  28%  1:11:25   1.00x   0.34x 
stat: 00296 01644s : 0202/printing        L0110   4.7mm  28%  1:11:13   0.98x   0.34x 
stat: 00297 01649s : 0202/printing        L0110   4.7mm  28%  1:11:13   0.98x   0.34x 
stat: 00298 01655s : 0202/printing        L0111   4.8mm  28%  1:11:01   1.00x   0.34x 
stat: 00299 01660s : 0202/printing        L0111   4.8mm  28%  1:11:01   1.00x   0.34x 
stat: 00300 01665s : 0202/printing        L0112   4.8mm  28%  1:10:49   1.00x   0.34x 
stat: 00301 01671s : 0202/printing        L0112   4.8mm  28%  1:10:49   1.00x   0.34x 
stat: 00302 01676s : 0202/printing        L0112   4.8mm  28%  1:10:49   0.98x   0.34x 
stat: 00303 01681s : 0202/printing        L0113   4.9mm  28%  1:10:37   0.98x   0.34x 
stat: 00304 01686s : 0202/printing        L0113   4.9mm  28%  1:10:37   1.00x   0.34x 
stat: 00305 01692s : 0202/printing        L0114   4.9mm  29%  1:10:24   1.00x   0.34x 
stat: 00306 01697s : 0202/printing        L0114   4.9mm  29%  1:10:24   1.00x   0.34x 
stat: 00307 01702s : 0202/printing        L0115   5.0mm  29%  1:10:12   0.98x   0.34x 
stat: 00308 01708s : 0202/printing        L0115   5.0mm  29%  1:10:12   1.00x   0.34x 
stat: 00309 01714s : 0202/printing        L0116   5.0mm  29%  1:10:00   1.00x   0.34x 
stat: 00310 01719s : 0202/printing        L0116   5.0mm  29%  1:10:00   0.98x   0.34x 
stat: 00311 01724s : 0202/printing        L0116   5.0mm  29%  1:10:00   0.98x   0.34x 
stat: 00312 01729s : 0202/printing        L0117   5.1mm  29%  1:09:47   1.00x   0.34x 
stat: 00313 01735s : 0202/printing        L0117   5.1mm  29%  1:09:47   1.00x   0.34x 
stat: 00314 01740s : 0202/printing        L0118   5.1mm  29%  1:09:34   1.00x   0.34x 
stat: 00315 01746s : 0202/printing        L0118   5.1mm  29%  1:09:34   1.00x   0.34x 
stat: 00316 01751s : 0202/printing        L0119   5.2mm  30%  1:09:22   0.98x   0.34x 
stat: 00317 01756s : 0202/printing        L0119   5.2mm  30%  1:09:22   1.00x   0.34x 
stat: 00318 01762s : 0202/printing        L0119   5.2mm  30%  1:09:22   0.98x   0.34x 
stat: 00319 01767s : 0202/printing        L0120   5.2mm  30%  1:09:08   0.98x   0.34x 
stat: 00320 01772s : 0202/printing        L0120   5.2mm  30%  1:09:08   1.00x   0.34x 
stat: 00321 01778s : 0202/printing        L0121   5.3mm  30%  1:08:54   1.00x   0.34x 
stat: 00322 01783s : 0202/printing        L0121   5.3mm  30%  1:08:54   1.00x   0.34x 
stat: 00323 01788s : 0202/printing        L0121   5.3mm  30%  1:08:54   0.98x   0.34x 
stat: 00324 01793s : 0202/printing        L0122   5.3mm  30%  1:08:40   1.00x   0.34x 
stat: 00325 01799s : 0202/printing        L0122   5.3mm  30%  1:08:40   1.00x   0.34x 
stat: 00326 01804s : 0202/printing        L0122   5.3mm  30%  1:08:40   1.00x   0.34x 
stat: 00327 01810s : 0202/printing        L0123   5.4mm  31%  1:08:26   0.98x   0.34x 
stat: 00328 01815s : 0202/printing        L0123   5.4mm  31%  1:08:26   0.98x   0.34x 
stat: 00329 01821s : 0202/printing        L0124   5.4mm  31%  1:08:11   0.98x   0.34x 
stat: 00330 01826s : 0202/printing        L0124   5.4mm  31%  1:08:11   1.00x   0.34x 
stat: 00331 01831s : 0202/printing        L0124   5.4mm  31%  1:08:11   1.00x   0.34x 
stat: 00332 01836s : 0202/printing        L0125   5.5mm  31%  1:07:56   1.00x   0.34x 
stat: 00333 01842s : 0202/printing        L0125   5.5mm  31%  1:07:56   0.98x   0.34x 
stat: 00334 01850s : 0202/printing        L0125   5.5mm  31%  1:07:56   1.00x   0.34x 
stat: 00335 01855s : 0202/printing        L0126   5.5mm  31%  1:07:40   0.98x   0.34x 
stat: 00336 01861s : 0202/printing        L0126   5.5mm  31%  1:07:40   0.98x   0.34x 
stat: 00337 01866s : 0202/printing        L0127   5.6mm  32%  1:07:26   0.98x   0.34x 
stat: 00338 01871s : 0202/printing        L0127   5.6mm  32%  1:07:26   1.00x   0.34x 
stat: 00339 01876s : 0202/printing        L0127   5.6mm  32%  1:07:26   1.00x   0.34x 
stat: 00340 01882s : 0202/printing        L0128   5.6mm  32%  1:07:13   1.00x   0.34x 
stat: 00341 01888s : 0202/printing        L0128   5.6mm  32%  1:07:13   1.00x   0.34x 
stat: 00342 01893s : 0202/printing        L0129   5.7mm  32%  1:07:00   0.98x   0.34x 
stat: 00343 01898s : 0202/printing        L0129   5.7mm  32%  1:07:00   0.98x   0.34x 
stat: 00344 01904s : 0202/printing        L0130   5.7mm  32%  1:06:46   0.98x   0.34x 
stat: 00345 01909s : 0202/printing        L0130   5.7mm  32%  1:06:46   1.00x   0.34x 
stat: 00346 01915s : 0202/printing        L0130   5.7mm  32%  1:06:46   1.00x   0.34x 
stat: 00347 01920s : 0202/printing        L0131   5.8mm  32%  1:06:33   0.98x   0.34x 
stat: 00348 01925s : 0202/printing        L0131   5.8mm  32%  1:06:33   0.98x   0.34x 
stat: 00349 01931s : 0202/printing        L0132   5.8mm  33%  1:06:19   0.98x   0.34x 
stat: 00350 01936s : 0202/printing        L0132   5.8mm  33%  1:06:19   0.98x   0.34x 
stat: 00351 01942s : 0202/printing        L0132   5.8mm  33%  1:06:19   0.98x   0.34x 
stat: 00352 01947s : 0202/printing        L0133   5.9mm  33%  1:06:06   1.00x   0.34x 
stat: 00353 01952s : 0202/printing        L0133   5.9mm  33%  1:06:06   1.00x   0.34x 
stat: 00354 01958s : 0202/printing        L0134   5.9mm  33%  1:05:52   1.00x   0.34x 
stat: 00355 01963s : 0202/printing        L0134   5.9mm  33%  1:05:52   1.00x   0.34x 
stat: 00356 01968s : 0202/printing        L0134   5.9mm  33%  1:05:52   1.00x   0.34x 
stat: 00357 01974s : 0202/printing        L0135   6.0mm  33%  1:05:38   1.00x   0.34x 
stat: 00358 01979s : 0202/printing        L0135   6.0mm  33%  1:05:38   1.00x   0.34x 
stat: 00359 01985s : 0202/printing        L0136   6.0mm  34%  1:05:24   1.00x   0.34x 
stat: 00360 01990s : 0202/printing        L0136   6.0mm  34%  1:05:24   0.98x   0.34x 
stat: 00361 01995s : 0202/printing        L0136   6.0mm  34%  1:05:24   0.98x   0.34x 
stat: 00362 02001s : 0202/printing        L0137   6.1mm  34%  1:05:13   0.98x   0.34x 
stat: 00363 02006s : 0202/printing        L0137   6.1mm  34%  1:05:13   1.00x   0.34x 
stat: 00364 02011s : 0202/printing        L0138   6.1mm  34%  1:05:01   1.00x   0.34x 
stat: 00365 02016s : 0202/printing        L0138   6.1mm  34%  1:05:01   0.98x   0.34x 
stat: 00366 02022s : 0202/printing        L0139   6.2mm  34%  1:04:50   1.00x   0.34x 
stat: 00367 02028s : 0202/printing        L0139   6.2mm  34%  1:04:50   1.00x   0.34x 
stat: 00368 02033s : 0202/printing        L0140   6.2mm  34%  1:04:38   0.98x   0.34x 
stat: 00369 02038s : 0202/printing        L0140   6.2mm  34%  1:04:38   0.98x   0.34x 
stat: 00370 02044s : 0202/printing        L0141   6.3mm  35%  1:04:27   1.00x   0.34x 
stat: 00371 02049s : 0202/printing        L0141   6.3mm  35%  1:04:27   1.00x   0.34x 
stat: 00372 02054s : 0202/printing        L0142   6.3mm  35%  1:04:15   1.00x   0.34x 
stat: 00373 02060s : 0202/printing        L0142   6.3mm  35%  1:04:15   1.00x   0.34x 
stat: 00374 02065s : 0202/printing        L0143   6.4mm  35%  1:04:04   0.98x   0.34x 
stat: 00375 02070s : 0202/printing        L0143   6.4mm  35%  1:04:04   1.00x   0.34x 
stat: 00376 02075s : 0202/printing        L0144   6.4mm  35%  1:03:52   1.00x   0.34x 
stat: 00377 02081s : 0202/printing        L0144   6.4mm  35%  1:03:52   0.98x   0.34x 
stat: 00378 02086s : 0202/printing        L0145   6.5mm  35%  1:03:41   1.00x   0.34x 
stat: 00379 02091s : 0202/printing        L0145   6.5mm  35%  1:03:41   1.00x   0.34x 
stat: 00380 02097s : 0202/printing        L0145   6.5mm  35%  1:03:41   0.98x   0.34x 
stat: 00381 02102s : 0202/printing        L0146   6.5mm  36%  1:03:29   0.98x   0.34x 
stat: 00382 02107s : 0202/printing        L0146   6.5mm  36%  1:03:29   1.00x   0.34x 
stat: 00383 02113s : 0202/printing        L0147   6.6mm  36%  1:03:18   1.00x   0.34x 
stat: 00384 02118s : 0202/printing        L0147   6.6mm  36%  1:03:18   0.98x   0.34x 
stat: 00385 02123s : 0202/printing        L0148   6.6mm  36%  1:03:06   0.98x   0.34x 
stat: 00386 02129s : 0202/printing        L0148   6.6mm  36%  1:03:06   0.98x   0.34x 
stat: 00387 02134s : 0202/printing        L0149   6.7mm  36%  1:02:55   1.00x   0.34x 
stat: 00388 02139s : 0202/printing        L0149   6.7mm  36%  1:02:55   1.00x   0.34x 
stat: 00389 02144s : 0202/printing        L0150   6.7mm  36%  1:02:43   1.00x   0.34x 
stat: 00390 02150s : 0202/printing        L0150   6.7mm  36%  1:02:43   1.00x   0.34x 
stat: 00391 02155s : 0202/printing        L0151   6.8mm  37%  1:02:32   1.00x   0.34x 
stat: 00392 02161s : 0202/printing        L0151   6.8mm  37%  1:02:32   1.00x   0.34x 
stat: 00393 02166s : 0202/printing        L0152   6.8mm  37%  1:02:20   1.00x   0.34x 
stat: 00394 02171s : 0202/printing        L0152   6.8mm  37%  1:02:20   0.98x   0.34x 
stat: 00395 02177s : 0202/printing        L0153   6.9mm  37%  1:02:09   1.00x   0.34x 
stat: 00396 02182s : 0202/printing        L0153   6.9mm  37%  1:02:09   0.98x   0.34x 
stat: 00397 02187s : 0202/printing        L0153   6.9mm  37%  1:02:09   0.98x   0.34x 
stat: 00398 02193s : 0202/printing        L0154   6.9mm  37%  1:01:57   0.98x   0.34x 
stat: 00399 02198s : 0202/printing        L0154   6.9mm  37%  1:01:57   1.00x   0.34x 
stat: 00400 02204s : 0202/printing        L0155   7.0mm  37%  1:01:46   1.00x   0.34x 
stat: 00401 02209s : 0202/printing        L0155   7.0mm  37%  1:01:46   0.98x   0.34x 
stat: 00402 02214s : 0202/printing        L0156   7.0mm  37%  1:01:34   1.00x   0.34x 
stat: 00403 02220s : 0202/printing        L0156   7.0mm  37%  1:01:34   1.00x   0.34x 
stat: 00404 02225s : 0202/printing        L0157   7.1mm  38%  1:01:23   0.98x   0.34x 
stat: 00405 02231s : 0202/printing        L0157   7.1mm  38%  1:01:23   1.00x   0.34x 
stat: 00406 02236s : 0202/printing        L0158   7.1mm  38%  1:01:11   0.98x   0.34x 
stat: 00407 02242s : 0202/printing        L0158   7.1mm  38%  1:01:11   0.98x   0.34x 
stat: 00408 02247s : 0202/printing        L0159   7.2mm  38%  1:01:00   1.00x   0.34x 
stat: 00409 02252s : 0202/printing        L0159   7.2mm  38%  1:01:00   1.00x   0.34x 
stat: 00410 02258s : 0202/printing        L0160   7.2mm  38%  1:00:48   1.00x   0.34x 
stat: 00411 02263s : 0202/printing        L0160   7.2mm  38%  1:00:48   0.98x   0.34x 
stat: 00412 02269s : 0202/printing        L0161   7.3mm  38%  1:00:37   0.98x   0.34x 
stat: 00413 02274s : 0202/printing        L0161   7.3mm  38%  1:00:37   1.00x   0.34x 
stat: 00414 02279s : 0202/printing        L0162   7.3mm  39%  1:00:25   1.00x   0.34x 
stat: 00415 02285s : 0202/printing        L0162   7.3mm  39%  1:00:25   0.98x   0.34x 
stat: 00416 02290s : 0202/printing        L0163   7.4mm  39%  1:00:14   0.98x   0.34x 
stat: 00417 02295s : 0202/printing        L0163   7.4mm  39%  1:00:14   0.98x   0.34x 
stat: 00418 02301s : 0202/printing        L0164   7.4mm  39%  1:00:02   0.98x   0.34x 
stat: 00419 02306s : 0202/printing        L0164   7.4mm  39%  1:00:02   0.98x   0.34x 
stat: 00420 02312s : 0202/printing        L0164   7.4mm  39%  1:00:02   1.00x   0.34x 
stat: 00421 02317s : 0202/printing        L0165   7.5mm  39%  0:59:51   1.00x   0.34x 
stat: 00422 02322s : 0202/printing        L0165   7.5mm  39%  0:59:51   1.00x   0.34x 
stat: 00423 02328s : 0202/printing        L0166   7.5mm  39%  0:59:39   0.98x   0.34x 
stat: 00424 02333s : 0202/printing        L0166   7.5mm  39%  0:59:39   1.00x   0.34x 
stat: 00425 02339s : 0202/printing        L0167   7.6mm  40%  0:59:28   0.98x   0.34x 
stat: 00426 02344s : 0202/printing        L0167   7.6mm  40%  0:59:28   0.98x   0.34x 
stat: 00427 02349s : 0202/printing        L0168   7.6mm  40%  0:59:16   1.00x   0.34x 
stat: 00428 02355s : 0202/printing        L0168   7.6mm  40%  0:59:16   1.00x   0.34x 
stat: 00429 02360s : 0202/printing        L0169   7.7mm  40%  0:59:05   1.00x   0.34x 
stat: 00430 02365s : 0202/printing        L0169   7.7mm  40%  0:59:05   1.00x   0.34x 
stat: 00431 02371s : 0202/printing        L0170   7.7mm  40%  0:58:53   0.98x   0.34x 
stat: 00432 02376s : 0202/printing        L0170   7.7mm  40%  0:58:53   0.98x   0.34x 
stat: 00433 02381s : 0202/printing        L0171   7.8mm  40%  0:58:42   0.98x   0.34x 
stat: 00434 02387s : 0202/printing        L0171   7.8mm  40%  0:58:42   0.98x   0.34x 
stat: 00435 02392s : 0202/printing        L0172   7.8mm  41%  0:58:30   0.98x   0.34x 
stat: 00436 02397s : 0202/printing        L0172   7.8mm  41%  0:58:30   0.98x   0.34x 
stat: 00437 02403s : 0202/printing        L0172   7.8mm  41%  0:58:30   1.00x   0.34x 
stat: 00438 02408s : 0202/printing        L0173   7.9mm  41%  0:58:19   1.00x   0.34x 
stat: 00439 02413s : 0202/printing        L0173   7.9mm  41%  0:58:19   1.00x   0.34x 
stat: 00440 02419s : 0202/printing        L0174   7.9mm  41%  0:58:07   1.00x   0.34x 
stat: 00441 02424s : 0202/printing        L0174   7.9mm  41%  0:58:07   1.00x   0.34x 
stat: 00442 02429s : 0202/printing        L0175   8.0mm  41%  0:57:56   0.98x   0.34x 
stat: 00443 02434s : 0202/printing        L0175   8.0mm  41%  0:57:56   0.98x   0.34x 
stat: 00444 02440s : 0202/printing        L0176   8.0mm  41%  0:57:44   1.00x   0.34x 
stat: 00445 02445s : 0202/printing        L0176   8.0mm  41%  0:57:44   1.00x   0.34x 
stat: 00446 02450s : 0202/printing        L0177   8.1mm  42%  0:57:33   0.98x   0.34x 
stat: 00447 02456s : 0202/printing        L0177   8.1mm  42%  0:57:33   0.98x   0.34x 
stat: 00448 02461s : 0202/printing        L0178   8.1mm  42%  0:57:21   1.00x   0.34x 
stat: 00449 02466s : 0202/printing        L0178   8.1mm  42%  0:57:21   1.00x   0.34x 
stat: 00450 02472s : 0202/printing        L0179   8.2mm  42%  0:57:10   1.00x   0.34x 
stat: 00451 02477s : 0202/printing        L0179   8.2mm  42%  0:57:10   1.00x   0.34x 
stat: 00452 02482s : 0202/printing        L0180   8.2mm  42%  0:56:58   0.98x   0.34x 
stat: 00453 02488s : 0202/printing        L0180   8.2mm  42%  0:56:58   1.00x   0.34x 
stat: 00454 02494s : 0202/printing        L0180   8.2mm  42%  0:56:58   0.98x   0.34x 
stat: 00455 02499s : 0202/printing        L0181   8.3mm  42%  0:56:47   1.00x   0.34x 
stat: 00456 02504s : 0202/printing        L0181   8.3mm  42%  0:56:47   0.98x   0.34x 
stat: 00457 02510s : 0202/printing        L0182   8.3mm  42%  0:56:35   0.98x   0.34x 
stat: 00458 02515s : 0202/printing        L0182   8.3mm  42%  0:56:35   1.00x   0.34x 
stat: 00459 02520s : 0202/printing        L0183   8.4mm  43%  0:56:24   1.00x   0.34x 
stat: 00460 02526s : 0202/printing        L0183   8.4mm  43%  0:56:24   1.00x   0.34x 
stat: 00461 02531s : 0202/printing        L0184   8.4mm  43%  0:56:12   0.98x   0.34x 
stat: 00462 02536s : 0202/printing        L0184   8.4mm  43%  0:56:12   0.98x   0.34x 
stat: 00463 02542s : 0202/printing        L0185   8.5mm  43%  0:55:59   1.00x   0.34x 
stat: 00464 02547s : 0202/printing        L0185   8.5mm  43%  0:55:59   1.00x   0.34x 
stat: 00465 02553s : 0202/printing        L0185   8.5mm  43%  0:55:59   0.98x   0.34x 
stat: 00466 02558s : 0202/printing        L0186   8.5mm  43%  0:55:42   0.98x   0.34x 
stat: 00467 02563s : 0202/printing        L0186   8.5mm  43%  0:55:42   0.98x   0.34x 
stat: 00468 02569s : 0202/printing        L0186   8.5mm  43%  0:55:42   1.00x   0.34x 
stat: 00469 02574s : 0202/printing        L0187   8.6mm  44%  0:55:25   1.00x   0.34x 
stat: 00470 02580s : 0202/printing        L0187   8.6mm  44%  0:55:25   0.98x   0.34x 
stat: 00471 02585s : 0202/printing        L0187   8.6mm  44%  0:55:25   0.98x   0.34x 
stat: 00472 02590s : 0202/printing        L0187   8.6mm  44%  0:55:25   0.98x   0.34x 
stat: 00473 02595s : 0202/printing        L0188   8.6mm  44%  0:55:08   1.00x   0.34x 
stat: 00474 02601s : 0202/printing        L0188   8.6mm  44%  0:55:08   0.98x   0.34x 
stat: 00475 02606s : 0202/printing        L0188   8.6mm  44%  0:55:08   0.98x   0.34x 
stat: 00476 02611s : 0202/printing        L0189   8.7mm  44%  0:54:51   0.98x   0.34x 
stat: 00477 02617s : 0202/printing        L0189   8.7mm  44%  0:54:51   0.98x   0.34x 
stat: 00478 02622s : 0202/printing        L0189   8.7mm  44%  0:54:51   1.00x   0.34x 
stat: 00479 02628s : 0202/printing        L0190   8.7mm  45%  0:54:34   1.00x   0.34x 
stat: 00480 02633s : 0202/printing        L0190   8.7mm  45%  0:54:34   0.98x   0.34x 
stat: 00481 02639s : 0202/printing        L0190   8.7mm  45%  0:54:34   0.98x   0.34x 
stat: 00482 02644s : 0202/printing        L0191   8.8mm  45%  0:54:17   0.98x   0.34x 
stat: 00483 02649s : 0202/printing        L0191   8.8mm  45%  0:54:17   0.98x   0.34x 
stat: 00484 02655s : 0202/printing        L0191   8.8mm  45%  0:54:17   0.98x   0.34x 
stat: 00485 02660s : 0202/printing        L0192   8.8mm  45%  0:54:00   1.00x   0.34x 
stat: 00486 02665s : 0202/printing        L0192   8.8mm  45%  0:54:00   0.98x   0.34x 
stat: 00487 02671s : 0202/printing        L0192   8.8mm  45%  0:54:00   0.98x   0.34x 
stat: 00488 02676s : 0202/printing        L0193   8.9mm  45%  0:53:42   0.98x   0.34x 
stat: 00489 02682s : 0202/printing        L0193   8.9mm  45%  0:53:42   0.98x   0.34x 
stat: 00490 02687s : 0202/printing        L0193   8.9mm  45%  0:53:42   1.00x   0.34x 
stat: 00491 02692s : 0202/printing        L0193   8.9mm  45%  0:53:42   1.00x   0.34x 
stat: 00492 02698s : 0202/printing        L0194   8.9mm  46%  0:53:26   1.00x   0.34x 
stat: 00493 02703s : 0202/printing        L0194   8.9mm  46%  0:53:26   1.00x   0.34x 
stat: 00494 02708s : 0202/printing        L0194   8.9mm  46%  0:53:26   0.98x   0.34x 
stat: 00495 02714s : 0202/printing        L0195   9.0mm  46%  0:53:08   0.98x   0.34x 
stat: 00496 02719s : 0202/printing        L0195   9.0mm  46%  0:53:08   0.98x   0.34x 
stat: 00497 02724s : 0202/printing        L0195   9.0mm  46%  0:53:08   1.00x   0.34x 
stat: 00498 02730s : 0202/printing        L0196   9.0mm  46%  0:52:51   1.00x   0.34x 
stat: 00499 02735s : 0202/printing        L0196   9.0mm  46%  0:52:51   1.00x   0.34x 
stat: 00500 02741s : 0202/printing        L0196   9.0mm  46%  0:52:51   1.00x   0.34x 
stat: 00501 02746s : 0202/printing        L0197   9.1mm  47%  0:52:34   0.98x   0.34x 
stat: 00502 02751s : 0202/printing        L0197   9.1mm  47%  0:52:34   0.98x   0.34x 
stat: 00503 02757s : 0202/printing        L0198   9.1mm  47%  0:52:22   0.98x   0.34x 
stat: 00504 02762s : 0202/printing        L0198   9.1mm  47%  0:52:22   0.98x   0.34x 
stat: 00505 02768s : 0202/printing        L0198   9.1mm  47%  0:52:22   1.00x   0.34x 
stat: 00506 02773s : 0202/printing        L0199   9.2mm  47%  0:52:10   0.98x   0.34x 
stat: 00507 02778s : 0202/printing        L0199   9.2mm  47%  0:52:10   1.00x   0.34x 
stat: 00508 02784s : 0202/printing        L0200   9.2mm  47%  0:51:57   1.00x   0.34x 
stat: 00509 02789s : 0202/printing        L0200   9.2mm  47%  0:51:57   0.98x   0.34x 
stat: 00510 02795s : 0202/printing        L0201   9.3mm  47%  0:51:45   0.98x   0.34x 
stat: 00511 02800s : 0202/printing        L0201   9.3mm  47%  0:51:45   0.98x   0.34x 
stat: 00512 02805s : 0202/printing        L0202   9.3mm  48%  0:51:33   1.00x   0.34x 
stat: 00513 02811s : 0202/printing        L0202   9.3mm  48%  0:51:33   0.98x   0.34x 
stat: 00514 02817s : 0202/printing        L0202   9.3mm  48%  0:51:33   0.98x   0.34x 
stat: 00515 02822s : 0202/printing        L0203   9.4mm  48%  0:51:21   1.00x   0.34x 
stat: 00516 02827s : 0202/printing        L0203   9.4mm  48%  0:51:21   1.00x   0.34x 
stat: 00517 02833s : 0202/printing        L0204   9.4mm  48%  0:51:09   1.00x   0.34x 
stat: 00518 02838s : 0202/printing        L0204   9.4mm  48%  0:51:09   1.00x   0.34x 
stat: 00519 02844s : 0202/printing        L0205   9.5mm  48%  0:50:57   0.98x   0.34x 
stat: 00520 02849s : 0202/printing        L0205   9.5mm  48%  0:50:57   1.00x   0.34x 
stat: 00521 02854s : 0202/printing        L0206   9.5mm  48%  0:50:44   0.98x   0.34x 
stat: 00522 02860s : 0202/printing        L0206   9.5mm  48%  0:50:44   0.98x   0.34x 
stat: 00523 02865s : 0202/printing        L0206   9.5mm  48%  0:50:44   0.98x   0.34x 
stat: 00524 02871s : 0202/printing        L0207   9.6mm  49%  0:50:32   1.00x   0.34x 
stat: 00525 02876s : 0202/printing        L0208   9.6mm  49%  0:50:27   1.00x   0.34x 
stat: 00526 02882s : 0202/printing        L0209   9.7mm  49%  0:50:21   1.00x   0.34x 
stat: 00527 02887s : 0202/printing        L0210   9.7mm  49%  0:50:16   0.98x   0.34x 
stat: 00528 02892s : 0202/printing        L0211   9.8mm  49%  0:50:11   0.98x   0.34x 
stat: 00529 02897s : 0202/printing        L0212   9.8mm  49%  0:50:05   0.98x   0.34x 
stat: 00530 02903s : 0202/printing        L0213   9.9mm  49%  0:50:00   1.00x   0.34x 
stat: 00531 02908s : 0202/printing        L0214   9.9mm  49%  0:49:55   0.98x   0.34x 
stat: 00532 02914s : 0202/printing        L0215  10.0mm  49%  0:49:49   0.98x   0.34x 
stat: 00533 02919s : 0202/printing        L0216  10.0mm  49%  0:49:44   0.98x   0.34x 
stat: 00534 02924s : 0202/printing        L0217  10.1mm  49%  0:49:38   0.98x   0.34x 
stat: 00535 02930s : 0202/printing        L0218  10.1mm  50%  0:49:33   1.00x   0.34x 
stat: 00536 02935s : 0202/printing        L0219  10.2mm  50%  0:49:28   1.00x   0.34x 
stat: 00537 02941s : 0202/printing        L0220  10.2mm  50%  0:49:22   0.98x   0.34x 
stat: 00538 02946s : 0202/printing        L0221  10.3mm  50%  0:49:17   0.98x   0.34x 
stat: 00539 02951s : 0202/printing        L0222  10.3mm  50%  0:49:11   0.98x   0.34x 
stat: 00540 02957s : 0202/printing        L0223  10.4mm  50%  0:49:06   1.00x   0.34x 
stat: 00541 02962s : 0202/printing        L0224  10.4mm  50%  0:49:01   1.00x   0.34x 
stat: 00542 02968s : 0202/printing        L0225  10.5mm  50%  0:48:55   1.00x   0.34x 
stat: 00543 02973s : 0202/printing        L0226  10.5mm  50%  0:48:50   1.00x   0.34x 
stat: 00544 02979s : 0202/printing        L0227  10.6mm  50%  0:48:44   1.00x   0.34x 
stat: 00545 02984s : 0202/printing        L0228  10.6mm  50%  0:48:39   1.00x   0.34x 
stat: 00546 02989s : 0202/printing        L0229  10.7mm  51%  0:48:34   0.98x   0.34x 
stat: 00547 02995s : 0202/printing        L0230  10.7mm  51%  0:48:28   0.98x   0.34x 
stat: 00548 03000s : 0202/printing        L0231  10.8mm  51%  0:48:23   0.98x   0.34x 
stat: 00549 03006s : 0202/printing        L0232  10.8mm  51%  0:48:17   0.98x   0.34x 
stat: 00550 03011s : 0202/printing        L0233  10.9mm  51%  0:48:12   0.98x   0.34x 
stat: 00551 03016s : 0202/printing        L0234  10.9mm  51%  0:48:07   1.00x   0.34x 
stat: 00552 03022s : 0202/printing        L0235  11.0mm  51%  0:48:01   0.98x   0.34x 
stat: 00553 03027s : 0202/printing        L0236  11.0mm  51%  0:47:56   0.98x   0.34x 
stat: 00554 03032s : 0202/printing        L0237  11.1mm  51%  0:47:50   0.98x   0.34x 
stat: 00555 03038s : 0202/printing        L0238  11.1mm  51%  0:47:45   1.00x   0.34x 
stat: 00556 03043s : 0202/printing        L0239  11.2mm  51%  0:47:39   1.00x   0.34x 
stat: 00557 03049s : 0202/printing        L0240  11.2mm  52%  0:47:34   1.00x   0.34x 
stat: 00558 03054s : 0202/printing        L0241  11.3mm  52%  0:47:29   0.98x   0.34x 
stat: 00559 03059s : 0202/printing        L0242  11.3mm  52%  0:47:23   0.98x   0.34x 
stat: 00560 03064s : 0202/printing        L0243  11.4mm  52%  0:47:18   0.98x   0.34x 
stat: 00561 03070s : 0202/printing        L0244  11.4mm  52%  0:47:12   1.00x   0.34x 
stat: 00562 03075s : 0202/printing        L0245  11.5mm  52%  0:47:07   1.00x   0.34x 
stat: 00563 03080s : 0202/printing        L0246  11.5mm  52%  0:47:02   0.98x   0.34x 
stat: 00564 03086s : 0202/printing        L0247  11.6mm  52%  0:46:56   0.98x   0.34x 
stat: 00565 03091s : 0202/printing        L0248  11.6mm  52%  0:46:51   0.98x   0.34x 
stat: 00566 03097s : 0202/printing        L0249  11.7mm  52%  0:46:45   1.00x   0.34x 
stat: 00567 03102s : 0202/printing        L0250  11.7mm  52%  0:46:40   0.98x   0.34x 
stat: 00568 03107s : 0202/printing        L0251  11.8mm  53%  0:46:35   0.98x   0.34x 
stat: 00569 03113s : 0202/printing        L0252  11.8mm  53%  0:46:29   0.98x   0.34x 
stat: 00570 03118s : 0202/printing        L0253  11.9mm  53%  0:46:24   1.00x   0.34x 
stat: 00571 03124s : 0202/printing        L0254  11.9mm  53%  0:46:18   1.00x   0.34x 
stat: 00572 03129s : 0202/printing        L0255  12.0mm  53%  0:46:13   0.98x   0.34x 
stat: 00573 03134s : 0202/printing        L0256  12.0mm  53%  0:46:07   1.00x   0.34x 
stat: 00574 03140s : 0202/printing        L0257  12.1mm  53%  0:46:02   0.98x   0.34x 
stat: 00575 03145s : 0202/printing        L0258  12.1mm  53%  0:45:57   0.98x   0.34x 
stat: 00576 03150s : 0202/printing        L0259  12.2mm  53%  0:45:51   1.00x   0.34x 
stat: 00577 03156s : 0202/printing        L0260  12.2mm  53%  0:45:46   0.98x   0.34x 
stat: 00578 03161s : 0202/printing        L0261  12.3mm  53%  0:45:40   1.00x   0.34x 
stat: 00579 03166s : 0202/printing        L0262  12.3mm  54%  0:45:35   1.00x   0.34x 
stat: 00580 03172s : 0202/printing        L0263  12.4mm  54%  0:45:30   1.00x   0.34x 
stat: 00581 03177s : 0202/printing        L0264  12.4mm  54%  0:45:24   0.98x   0.34x 
stat: 00582 03183s : 0202/printing        L0265  12.5mm  54%  0:45:19   0.98x   0.34x 
stat: 00583 03188s : 0202/printing        L0266  12.5mm  54%  0:45:13   0.98x   0.34x 
stat: 00584 03193s : 0202/printing        L0267  12.6mm  54%  0:45:08   1.00x   0.34x 
stat: 00585 03199s : 0202/printing        L0268  12.6mm  54%  0:45:03   1.00x   0.34x 
stat: 00586 03204s : 0202/printing        L0269  12.7mm  54%  0:44:57   0.98x   0.34x 
stat: 00587 03209s : 0202/printing        L0270  12.7mm  54%  0:44:52   0.98x   0.34x 
stat: 00588 03215s : 0202/printing        L0271  12.8mm  54%  0:44:46   1.00x   0.34x 
stat: 00589 03220s : 0202/printing        L0271  12.8mm  54%  0:44:46   0.98x   0.34x 
stat: 00590 03226s : 0202/printing        L0273  12.9mm  55%  0:44:36   1.00x   0.34x 
stat: 00591 03231s : 0202/printing        L0274  12.9mm  55%  0:44:30   0.98x   0.34x 
stat: 00592 03237s : 0202/printing        L0275  13.0mm  55%  0:44:25   0.98x   0.34x 
stat: 00593 03242s : 0202/printing        L0276  13.0mm  55%  0:44:20   1.00x   0.34x 
stat: 00594 03248s : 0202/printing        L0277  13.1mm  55%  0:44:14   0.98x   0.34x 
stat: 00595 03253s : 0202/printing        L0278  13.1mm  55%  0:44:09   0.98x   0.34x 
stat: 00596 03258s : 0202/printing        L0278  13.1mm  55%  0:44:09   0.98x   0.34x 
stat: 00597 03264s : 0202/printing        L0279  13.2mm  55%  0:44:03   0.98x   0.34x 
stat: 00598 03269s : 0202/printing        L0280  13.2mm  55%  0:43:58   1.00x   0.34x 
stat: 00599 03274s : 0202/printing        L0281  13.3mm  55%  0:43:53   0.98x   0.34x 
stat: 00600 03280s : 0202/printing        L0282  13.3mm  55%  0:43:47   1.00x   0.34x 
stat: 00601 03285s : 0202/printing        L0283  13.4mm  55%  0:43:42   1.00x   0.34x 
stat: 00602 03291s : 0202/printing        L0284  13.4mm  56%  0:43:36   0.98x   0.34x 
stat: 00603 03296s : 0202/printing        L0285  13.5mm  56%  0:43:31   1.00x   0.34x 
stat: 00604 03301s : 0202/printing        L0286  13.5mm  56%  0:43:26   0.98x   0.34x 
stat: 00605 03307s : 0202/printing        L0287  13.6mm  56%  0:43:20   0.98x   0.34x 
stat: 00606 03312s : 0202/printing        L0288  13.6mm  56%  0:43:15   1.00x   0.34x 
stat: 00607 03318s : 0202/printing        L0289  13.7mm  56%  0:43:09   1.00x   0.34x 
stat: 00608 03323s : 0202/printing        L0290  13.7mm  56%  0:43:04   0.98x   0.34x 
stat: 00609 03328s : 0202/printing        L0291  13.8mm  56%  0:42:59   0.98x   0.34x 
stat: 00610 03334s : 0202/printing        L0292  13.8mm  56%  0:42:53   0.98x   0.34x 
stat: 00611 03339s : 0202/printing        L0293  13.9mm  56%  0:42:48   1.00x   0.34x 
stat: 00612 03345s : 0202/printing        L0294  13.9mm  56%  0:42:42   1.00x   0.34x 
stat: 00613 03350s : 0202/printing        L0295  14.0mm  57%  0:42:37   1.00x   0.34x 
stat: 00614 03355s : 0202/printing        L0296  14.0mm  57%  0:42:32   1.00x   0.34x 
stat: 00615 03360s : 0202/printing        L0297  14.1mm  57%  0:42:26   0.98x   0.34x 
stat: 00616 03366s : 0202/printing        L0298  14.1mm  57%  0:42:21   0.98x   0.34x 
stat: 00617 03372s : 0202/printing        L0299  14.2mm  57%  0:42:15   0.98x   0.34x 
stat: 00618 03377s : 0202/printing        L0300  14.2mm  57%  0:42:10   1.00x   0.34x 
stat: 00619 03383s : 0202/printing        L0301  14.3mm  57%  0:42:05   1.00x   0.34x 
stat: 00620 03389s : 0202/printing        L0302  14.3mm  57%  0:41:59   1.00x   0.34x 
stat: 00621 03394s : 0202/printing        L0303  14.4mm  57%  0:41:54   0.98x   0.34x 
stat: 00622 03400s : 0202/printing        L0304  14.4mm  57%  0:41:49   0.98x   0.34x 
stat: 00623 03405s : 0202/printing        L0305  14.5mm  57%  0:41:43   1.00x   0.34x 
stat: 00624 03410s : 0202/printing        L0306  14.5mm  58%  0:41:38   1.00x   0.34x 
stat: 00625 03415s : 0202/printing        L0307  14.6mm  58%  0:41:32   0.98x   0.34x 
stat: 00626 03421s : 0202/printing        L0308  14.6mm  58%  0:41:27   0.98x   0.34x 
stat: 00627 03426s : 0202/printing        L0309  14.7mm  58%  0:41:22   0.98x   0.34x 
stat: 00628 03432s : 0202/printing        L0310  14.7mm  58%  0:41:16   1.00x   0.34x 
stat: 00629 03437s : 0202/printing        L0311  14.8mm  58%  0:41:11   1.00x   0.34x 
stat: 00630 03443s : 0202/printing        L0312  14.8mm  58%  0:41:05   1.00x   0.34x 
stat: 00631 03448s : 0202/printing        L0313  14.9mm  58%  0:41:00   0.98x   0.34x 
stat: 00632 03454s : 0202/printing        L0314  14.9mm  58%  0:40:55   0.98x   0.34x 
stat: 00633 03459s : 0202/printing        L0315  15.0mm  58%  0:40:49   0.98x   0.34x 
stat: 00634 03464s : 0202/printing        L0316  15.0mm  58%  0:40:44   1.00x   0.34x 
stat: 00635 03469s : 0202/printing        L0317  15.1mm  59%  0:40:38   0.98x   0.34x 
stat: 00636 03475s : 0202/printing        L0318  15.1mm  59%  0:40:33   0.98x   0.34x 
stat: 00637 03480s : 0202/printing        L0319  15.2mm  59%  0:40:28   0.98x   0.34x 
stat: 00638 03485s : 0202/printing        L0320  15.2mm  59%  0:40:22   1.00x   0.34x 
stat: 00639 03491s : 0202/printing        L0321  15.3mm  59%  0:40:17   1.00x   0.34x 
stat: 00640 03497s : 0202/printing        L0322  15.3mm  59%  0:40:11   1.00x   0.34x 
loop: Get status failed
stat: 00641 03509s : 0202/printing        L0324  15.4mm  59%  0:40:01   0.98x   0.34x 
stat: 00642 03516s : 0202/printing        L0326  15.5mm  59%  0:39:50   1.00x   0.34x 
stat: 00643 03521s : 0202/printing        L0327  15.6mm  59%  0:39:44   0.98x   0.34x 
stat: 00644 03527s : 0202/printing        L0328  15.6mm  60%  0:39:39   0.98x   0.34x 
stat: 00645 03532s : 0202/printing        L0329  15.7mm  60%  0:39:34   0.98x   0.34x 
stat: 00646 03537s : 0202/printing        L0330  15.7mm  60%  0:39:28   1.00x   0.34x 
stat: 00647 03543s : 0202/printing        L0331  15.8mm  60%  0:39:23   1.00x   0.34x 
stat: 00648 03548s : 0202/printing        L0332  15.8mm  60%  0:39:17   0.98x   0.34x 
stat: 00649 03553s : 0202/printing        L0333  15.9mm  60%  0:39:12   1.00x   0.34x 
stat: 00650 03558s : 0202/printing        L0334  15.9mm  60%  0:39:07   0.98x   0.34x 
stat: 00651 03564s : 0202/printing        L0335  16.0mm  60%  0:39:01   0.98x   0.34x 
stat: 00652 03569s : 0202/printing        L0335  16.0mm  60%  0:39:01   0.98x   0.34x 
stat: 00653 03574s : 0202/printing        L0336  16.0mm  60%  0:38:56   1.00x   0.34x 
stat: 00654 03580s : 0202/printing        L0337  16.1mm  60%  0:38:50   0.98x   0.34x 
stat: 00655 03586s : 0202/printing        L0338  16.1mm  60%  0:38:45   0.98x   0.34x 
stat: 00656 03591s : 0202/printing        L0340  16.2mm  61%  0:38:34   1.00x   0.34x 
stat: 00657 03597s : 0202/printing        L0341  16.3mm  61%  0:38:29   1.00x   0.34x 
stat: 00658 03602s : 0202/printing        L0342  16.3mm  61%  0:38:23   0.98x   0.34x 
stat: 00659 03607s : 0202/printing        L0342  16.3mm  61%  0:38:23   0.98x   0.34x 
stat: 00660 03613s : 0202/printing        L0343  16.4mm  61%  0:38:18   1.00x   0.34x 
stat: 00661 03618s : 0202/printing        L0344  16.4mm  61%  0:38:13   1.00x   0.34x 
stat: 00662 03623s : 0202/printing        L0345  16.5mm  61%  0:38:07   1.00x   0.34x 
stat: 00663 03628s : 0202/printing        L0346  16.5mm  61%  0:38:02   0.98x   0.34x 
stat: 00664 03634s : 0202/printing        L0347  16.6mm  61%  0:37:56   1.00x   0.34x 
stat: 00665 03639s : 0202/printing        L0348  16.6mm  61%  0:37:51   0.98x   0.34x 
stat: 00666 03645s : 0202/printing        L0349  16.7mm  61%  0:37:46   0.98x   0.34x 
stat: 00667 03650s : 0202/printing        L0350  16.7mm  62%  0:37:40   1.00x   0.34x 
stat: 00668 03655s : 0202/printing        L0351  16.8mm  62%  0:37:35   1.00x   0.34x 
stat: 00669 03661s : 0202/printing        L0352  16.8mm  62%  0:37:30   1.00x   0.34x 
stat: 00670 03666s : 0202/printing        L0353  16.9mm  62%  0:37:24   0.98x   0.34x 
stat: 00671 03672s : 0202/printing        L0354  16.9mm  62%  0:37:19   1.00x   0.34x 
stat: 00672 03677s : 0202/printing        L0355  17.0mm  62%  0:37:13   0.98x   0.34x 
stat: 00673 03682s : 0202/printing        L0356  17.0mm  62%  0:37:08   0.98x   0.34x 
stat: 00674 03688s : 0202/printing        L0357  17.1mm  62%  0:37:03   1.00x   0.34x 
stat: 00675 03693s : 0202/printing        L0358  17.1mm  62%  0:36:57   1.00x   0.34x 
stat: 00676 03699s : 0202/printing        L0359  17.2mm  62%  0:36:52   1.00x   0.34x 
stat: 00677 03704s : 0202/printing        L0360  17.2mm  62%  0:36:46   0.98x   0.34x 
stat: 00678 03710s : 0202/printing        L0361  17.3mm  63%  0:36:41   0.98x   0.34x 
stat: 00679 03715s : 0202/printing        L0362  17.3mm  63%  0:36:36   1.00x   0.34x 
stat: 00680 03721s : 0202/printing        L0363  17.4mm  63%  0:36:30   1.00x   0.34x 
stat: 00681 03726s : 0202/printing        L0364  17.4mm  63%  0:36:25   1.00x   0.34x 
stat: 00682 03732s : 0202/printing        L0365  17.5mm  63%  0:36:19   1.00x   0.34x 
stat: 00683 03737s : 0202/printing        L0366  17.5mm  63%  0:36:14   0.98x   0.34x 
stat: 00684 03742s : 0202/printing        L0367  17.6mm  63%  0:36:09   0.98x   0.34x 
stat: 00685 03748s : 0202/printing        L0368  17.6mm  63%  0:36:03   0.98x   0.34x 
stat: 00686 03753s : 0202/printing        L0369  17.7mm  63%  0:35:58   1.00x   0.34x 
stat: 00687 03758s : 0202/printing        L0370  17.7mm  63%  0:35:52   1.00x   0.34x 
stat: 00688 03764s : 0202/printing        L0371  17.8mm  63%  0:35:47   1.00x   0.34x 
stat: 00689 03769s : 0202/printing        L0372  17.8mm  64%  0:35:42   0.98x   0.34x 
stat: 00690 03774s : 0202/printing        L0373  17.9mm  64%  0:35:36   0.98x   0.34x 
stat: 00691 03780s : 0202/printing        L0374  17.9mm  64%  0:35:31   1.00x   0.34x 
stat: 00692 03785s : 0202/printing        L0375  18.0mm  64%  0:35:25   1.00x   0.34x 
stat: 00693 03791s : 0202/printing        L0376  18.0mm  64%  0:35:20   0.98x   0.34x 
stat: 00694 03796s : 0202/printing        L0377  18.1mm  64%  0:35:15   0.98x   0.34x 
stat: 00695 03801s : 0202/printing        L0378  18.1mm  64%  0:35:09   1.00x   0.34x 
stat: 00696 03807s : 0202/printing        L0379  18.2mm  64%  0:35:04   1.00x   0.34x 
stat: 00697 03812s : 0202/printing        L0380  18.2mm  64%  0:34:58   0.98x   0.34x 
stat: 00698 03817s : 0202/printing        L0381  18.3mm  64%  0:34:53   0.98x   0.34x 
stat: 00699 03823s : 0202/printing        L0382  18.3mm  64%  0:34:48   1.00x   0.34x 
stat: 00700 03828s : 0202/printing        L0383  18.4mm  65%  0:34:42   1.00x   0.34x 
stat: 00701 03834s : 0202/printing        L0384  18.4mm  65%  0:34:37   0.98x   0.34x 
stat: 00702 03839s : 0202/printing        L0385  18.5mm  65%  0:34:31   0.98x   0.34x 
stat: 00703 03844s : 0202/printing        L0386  18.5mm  65%  0:34:26   0.98x   0.34x 
stat: 00704 03850s : 0202/printing        L0387  18.6mm  65%  0:34:21   1.00x   0.34x 
stat: 00705 03855s : 0202/printing        L0388  18.6mm  65%  0:34:15   1.00x   0.34x 
stat: 00706 03860s : 0202/printing        L0389  18.7mm  65%  0:34:10   1.00x   0.34x 
stat: 00707 03866s : 0202/printing        L0390  18.7mm  65%  0:34:05   1.00x   0.34x 
stat: 00708 03871s : 0202/printing        L0391  18.8mm  65%  0:33:59   0.98x   0.34x 
stat: 00709 03876s : 0202/printing        L0392  18.8mm  65%  0:33:54   0.98x   0.34x 
stat: 00710 03882s : 0202/printing        L0393  18.9mm  65%  0:33:48   0.98x   0.34x 
stat: 00711 03888s : 0202/printing        L0394  18.9mm  66%  0:33:43   1.00x   0.34x 
stat: 00712 03893s : 0202/printing        L0395  19.0mm  66%  0:33:38   1.00x   0.34x 
stat: 00713 03898s : 0202/printing        L0396  19.0mm  66%  0:33:32   0.98x   0.34x 
stat: 00714 03904s : 0202/printing        L0397  19.1mm  66%  0:33:27   0.98x   0.34x 
stat: 00715 03909s : 0202/printing        L0398  19.1mm  66%  0:33:21   1.00x   0.34x 
stat: 00716 03915s : 0202/printing        L0399  19.2mm  66%  0:33:16   1.00x   0.34x 
stat: 00717 03920s : 0202/printing        L0400  19.2mm  66%  0:33:11   1.00x   0.34x 
stat: 00718 03925s : 0202/printing        L0401  19.3mm  66%  0:33:05   1.00x   0.34x 
stat: 00719 03931s : 0202/printing        L0402  19.3mm  66%  0:33:00   0.98x   0.34x 
stat: 00720 03936s : 0202/printing        L0403  19.4mm  66%  0:32:54   0.98x   0.34x 
stat: 00721 03941s : 0202/printing        L0404  19.4mm  66%  0:32:49   0.98x   0.34x 
stat: 00722 03947s : 0202/printing        L0405  19.5mm  67%  0:32:44   1.00x   0.34x 
stat: 00723 03952s : 0202/printing        L0406  19.5mm  67%  0:32:38   1.00x   0.34x 
stat: 00724 03958s : 0202/printing        L0407  19.6mm  67%  0:32:33   1.00x   0.34x 
stat: 00725 03963s : 0202/printing        L0408  19.6mm  67%  0:32:27   0.98x   0.34x 
stat: 00726 03968s : 0202/printing        L0409  19.7mm  67%  0:32:22   0.98x   0.34x 
stat: 00727 03974s : 0202/printing        L0410  19.7mm  67%  0:32:17   1.00x   0.34x 
stat: 00728 03980s : 0202/printing        L0411  19.8mm  67%  0:32:11   1.00x   0.34x 
stat: 00729 03985s : 0202/printing        L0412  19.8mm  67%  0:32:06   0.98x   0.34x 
stat: 00730 03990s : 0202/printing        L0413  19.9mm  67%  0:32:00   1.00x   0.34x 
stat: 00731 03996s : 0202/printing        L0414  19.9mm  67%  0:31:55   0.98x   0.34x 
stat: 00732 04001s : 0202/printing        L0415  20.0mm  67%  0:31:50   0.98x   0.34x 
stat: 00733 04007s : 0202/printing        L0416  20.0mm  68%  0:31:44   1.00x   0.34x 
stat: 00734 04012s : 0202/printing        L0417  20.1mm  68%  0:31:39   1.00x   0.34x 
stat: 00735 04017s : 0202/printing        L0418  20.1mm  68%  0:31:33   1.00x   0.34x 
stat: 00736 04023s : 0202/printing        L0419  20.2mm  68%  0:31:28   1.00x   0.34x 
stat: 00737 04028s : 0202/printing        L0420  20.2mm  68%  0:31:23   0.98x   0.34x 
stat: 00738 04033s : 0202/printing        L0421  20.3mm  68%  0:31:17   0.98x   0.34x 
stat: 00739 04039s : 0202/printing        L0422  20.3mm  68%  0:31:12   0.98x   0.34x 
stat: 00740 04045s : 0202/printing        L0423  20.4mm  68%  0:31:06   1.00x   0.34x 
stat: 00741 04050s : 0202/printing        L0424  20.4mm  68%  0:31:01   0.98x   0.34x 
stat: 00742 04055s : 0202/printing        L0425  20.5mm  68%  0:30:56   0.98x   0.34x 
stat: 00743 04061s : 0202/printing        L0426  20.5mm  68%  0:30:50   1.00x   0.34x 
stat: 00744 04066s : 0202/printing        L0427  20.6mm  69%  0:30:45   0.98x   0.34x 
stat: 00745 04072s : 0202/printing        L0428  20.6mm  69%  0:30:40   1.00x   0.34x 
stat: 00746 04077s : 0202/printing        L0429  20.7mm  69%  0:30:34   0.98x   0.34x 
stat: 00747 04082s : 0202/printing        L0430  20.7mm  69%  0:30:29   0.98x   0.34x 
stat: 00748 04088s : 0202/printing        L0431  20.8mm  69%  0:30:23   1.00x   0.34x 
stat: 00749 04093s : 0202/printing        L0432  20.8mm  69%  0:30:18   1.00x   0.34x 
stat: 00750 04099s : 0202/printing        L0433  20.9mm  69%  0:30:12   1.00x   0.34x 
stat: 00751 04104s : 0202/printing        L0434  20.9mm  69%  0:30:07   0.98x   0.34x 
stat: 00752 04109s : 0202/printing        L0435  21.0mm  69%  0:30:02   0.98x   0.34x 
stat: 00753 04115s : 0202/printing        L0436  21.0mm  69%  0:29:56   0.98x   0.34x 
stat: 00754 04121s : 0202/printing        L0437  21.1mm  69%  0:29:51   1.00x   0.34x 
stat: 00755 04126s : 0202/printing        L0438  21.1mm  70%  0:29:46   1.00x   0.34x 
stat: 00756 04131s : 0202/printing        L0439  21.2mm  70%  0:29:40   1.00x   0.34x 
stat: 00757 04136s : 0202/printing        L0440  21.2mm  70%  0:29:35   0.98x   0.34x 
stat: 00758 04142s : 0202/printing        L0441  21.3mm  70%  0:29:29   0.98x   0.34x 
stat: 00759 04148s : 0202/printing        L0442  21.3mm  70%  0:29:24   0.98x   0.34x 
stat: 00760 04153s : 0202/printing        L0443  21.4mm  70%  0:29:19   1.00x   0.34x 
stat: 00761 04158s : 0202/printing        L0444  21.4mm  70%  0:29:13   1.00x   0.34x 
stat: 00762 04164s : 0202/printing        L0445  21.5mm  70%  0:29:08   0.98x   0.34x 
stat: 00763 04169s : 0202/printing        L0446  21.5mm  70%  0:29:02   0.98x   0.34x 
stat: 00764 04175s : 0202/printing        L0447  21.6mm  70%  0:28:57   0.98x   0.34x 
stat: 00765 04180s : 0202/printing        L0448  21.6mm  70%  0:28:52   1.00x   0.34x 
stat: 00766 04186s : 0202/printing        L0449  21.7mm  71%  0:28:46   1.00x   0.34x 
stat: 00767 04192s : 0202/printing        L0450  21.7mm  71%  0:28:41   0.98x   0.34x 
stat: 00768 04197s : 0202/printing        L0451  21.8mm  71%  0:28:35   0.98x   0.34x 
stat: 00769 04202s : 0202/printing        L0452  21.8mm  71%  0:28:30   1.00x   0.34x 
stat: 00770 04207s : 0202/printing        L0453  21.9mm  71%  0:28:25   1.00x   0.34x 
stat: 00771 04213s : 0202/printing        L0454  21.9mm  71%  0:28:19   1.00x   0.34x 
stat: 00772 04218s : 0202/printing        L0455  22.0mm  71%  0:28:14   0.98x   0.34x 
stat: 00773 04224s : 0202/printing        L0456  22.0mm  71%  0:28:08   0.98x   0.34x 
stat: 00774 04229s : 0202/printing        L0456  22.0mm  71%  0:28:08   0.98x   0.34x 
stat: 00775 04235s : 0202/printing        L0457  22.1mm  71%  0:28:03   1.00x   0.34x 
stat: 00776 04240s : 0202/printing        L0458  22.1mm  71%  0:27:58   1.00x   0.34x 
stat: 00777 04245s : 0202/printing        L0459  22.2mm  71%  0:27:52   0.98x   0.34x 
stat: 00778 04250s : 0202/printing        L0460  22.2mm  72%  0:27:47   1.00x   0.34x 
stat: 00779 04256s : 0202/printing        L0461  22.3mm  72%  0:27:41   0.98x   0.34x 
stat: 00780 04262s : 0202/printing        L0463  22.4mm  72%  0:27:31   0.98x   0.34x 
loop: Get status failed
stat: 00781 04275s : 0202/printing        L0465  22.5mm  72%  0:27:20   1.00x   0.34x 
stat: 00782 04280s : 0202/printing        L0466  22.5mm  72%  0:27:14   1.00x   0.34x 
stat: 00783 04285s : 0202/printing        L0467  22.6mm  72%  0:27:09   0.98x   0.34x 
stat: 00784 04291s : 0202/printing        L0468  22.6mm  72%  0:27:04   1.00x   0.34x 
stat: 00785 04297s : 0202/printing        L0469  22.7mm  72%  0:26:58   0.98x   0.34x 
stat: 00786 04302s : 0202/printing        L0470  22.7mm  72%  0:26:53   0.98x   0.34x 
stat: 00787 04307s : 0202/printing        L0471  22.8mm  73%  0:26:47   1.00x   0.34x 
stat: 00788 04312s : 0202/printing        L0472  22.8mm  73%  0:26:42   1.00x   0.34x 
stat: 00789 04318s : 0202/printing        L0473  22.9mm  73%  0:26:37   1.00x   0.34x 
stat: 00790 04324s : 0202/printing        L0474  22.9mm  73%  0:26:31   1.00x   0.34x 
stat: 00791 04329s : 0202/printing        L0475  23.0mm  73%  0:26:26   0.98x   0.34x 
stat: 00792 04335s : 0202/printing        L0476  23.0mm  73%  0:26:21   0.98x   0.34x 
stat: 00793 04340s : 0202/printing        L0477  23.1mm  73%  0:26:15   0.98x   0.34x 
stat: 00794 04345s : 0202/printing        L0478  23.1mm  73%  0:26:10   0.98x   0.34x 
stat: 00795 04350s : 0202/printing        L0479  23.2mm  73%  0:26:04   0.98x   0.34x 
stat: 00796 04356s : 0202/printing        L0480  23.2mm  73%  0:25:59   1.00x   0.34x 
stat: 00797 04361s : 0202/printing        L0481  23.3mm  73%  0:25:54   1.00x   0.34x 
stat: 00798 04366s : 0202/printing        L0482  23.3mm  74%  0:25:48   0.98x   0.34x 
stat: 00799 04372s : 0202/printing        L0483  23.4mm  74%  0:25:43   0.98x   0.34x 
stat: 00800 04377s : 0202/printing        L0484  23.4mm  74%  0:25:37   1.00x   0.34x 
stat: 00801 04383s : 0202/printing        L0485  23.5mm  74%  0:25:32   0.98x   0.34x 
stat: 00802 04388s : 0202/printing        L0486  23.5mm  74%  0:25:27   1.00x   0.34x 
stat: 00803 04394s : 0202/printing        L0487  23.6mm  74%  0:25:21   0.98x   0.34x 
stat: 00804 04399s : 0202/printing        L0488  23.6mm  74%  0:25:16   1.00x   0.34x 
stat: 00805 04405s : 0202/printing        L0489  23.7mm  74%  0:25:10   0.98x   0.34x 
stat: 00806 04411s : 0202/printing        L0490  23.7mm  74%  0:25:05   1.00x   0.34x 
stat: 00807 04417s : 0202/printing        L0491  23.8mm  74%  0:25:00   1.00x   0.34x 
stat: 00808 04422s : 0202/printing        L0492  23.8mm  74%  0:24:54   0.98x   0.34x 
stat: 00809 04427s : 0202/printing        L0493  23.9mm  75%  0:24:49   0.98x   0.34x 
stat: 00810 04433s : 0202/printing        L0494  23.9mm  75%  0:24:43   0.98x   0.34x 
stat: 00811 04438s : 0202/printing        L0495  24.0mm  75%  0:24:38   1.00x   0.34x 
stat: 00812 04444s : 0202/printing        L0496  24.0mm  75%  0:24:33   0.98x   0.34x 
stat: 00813 04449s : 0202/printing        L0497  24.1mm  75%  0:24:27   0.98x   0.34x 
stat: 00814 04454s : 0202/printing        L0498  24.1mm  75%  0:24:22   1.00x   0.34x 
stat: 00815 04460s : 0202/printing        L0499  24.2mm  75%  0:24:16   1.00x   0.34x 
stat: 00816 04465s : 0202/printing        L0500  24.2mm  75%  0:24:11   1.00x   0.34x 
stat: 00817 04470s : 0202/printing        L0501  24.3mm  75%  0:24:06   0.98x   0.34x 
stat: 00818 04476s : 0202/printing        L0502  24.3mm  75%  0:24:00   1.00x   0.34x 
stat: 00819 04481s : 0202/printing        L0503  24.4mm  75%  0:23:55   0.98x   0.34x 
stat: 00820 04486s : 0202/printing        L0504  24.4mm  75%  0:23:49   1.00x   0.34x 
stat: 00821 04492s : 0202/printing        L0505  24.5mm  76%  0:23:44   1.00x   0.34x 
stat: 00822 04497s : 0202/printing        L0506  24.5mm  76%  0:23:39   1.00x   0.34x 
stat: 00823 04502s : 0202/printing        L0507  24.6mm  76%  0:23:33   1.00x   0.34x 
stat: 00824 04508s : 0202/printing        L0508  24.6mm  76%  0:23:28   0.98x   0.34x 
stat: 00825 04514s : 0202/printing        L0509  24.7mm  76%  0:23:22   0.98x   0.34x 
stat: 00826 04519s : 0202/printing        L0510  24.7mm  76%  0:23:17   0.98x   0.34x 
stat: 00827 04524s : 0202/printing        L0511  24.8mm  76%  0:23:12   1.00x   0.34x 
stat: 00828 04530s : 0202/printing        L0512  24.8mm  76%  0:23:06   0.98x   0.34x 
stat: 00829 04535s : 0202/printing        L0513  24.9mm  76%  0:23:01   0.98x   0.34x 
stat: 00830 04540s : 0202/printing        L0514  24.9mm  76%  0:22:56   1.00x   0.34x 
stat: 00831 04546s : 0202/printing        L0515  25.0mm  76%  0:22:50   0.98x   0.34x 
stat: 00832 04551s : 0202/printing        L0516  25.0mm  77%  0:22:45   0.98x   0.34x 
stat: 00833 04556s : 0202/printing        L0517  25.1mm  77%  0:22:39   1.00x   0.34x 
stat: 00834 04562s : 0202/printing        L0517  25.1mm  77%  0:22:39   1.00x   0.34x 
stat: 00835 04567s : 0202/printing        L0518  25.1mm  77%  0:22:34   0.98x   0.34x 
stat: 00836 04572s : 0202/printing        L0519  25.2mm  77%  0:22:29   0.98x   0.34x 
stat: 00837 04578s : 0202/printing        L0520  25.2mm  77%  0:22:23   0.98x   0.34x 
stat: 00838 04583s : 0202/printing        L0521  25.3mm  77%  0:22:18   1.00x   0.34x 
stat: 00839 04588s : 0202/printing        L0522  25.3mm  77%  0:22:12   1.00x   0.34x 
stat: 00840 04593s : 0202/printing        L0523  25.4mm  77%  0:22:07   1.00x   0.34x 
stat: 00841 04599s : 0202/printing        L0524  25.4mm  77%  0:22:02   1.00x   0.34x 
stat: 00842 04604s : 0202/printing        L0525  25.5mm  77%  0:21:56   0.98x   0.34x 
stat: 00843 04609s : 0202/printing        L0526  25.5mm  77%  0:21:51   0.98x   0.34x 
stat: 00844 04615s : 0202/printing        L0527  25.6mm  78%  0:21:45   1.00x   0.34x 
stat: 00845 04620s : 0202/printing        L0528  25.6mm  78%  0:21:40   1.00x   0.34x 
stat: 00846 04625s : 0202/printing        L0529  25.7mm  78%  0:21:35   1.00x   0.34x 
stat: 00847 04631s : 0202/printing        L0530  25.7mm  78%  0:21:29   1.00x   0.34x 
stat: 00848 04636s : 0202/printing        L0531  25.8mm  78%  0:21:24   1.00x   0.34x 
stat: 00849 04641s : 0202/printing        L0532  25.8mm  78%  0:21:18   1.00x   0.34x 
stat: 00850 04647s : 0202/printing        L0533  25.9mm  78%  0:21:13   0.98x   0.34x 
stat: 00851 04652s : 0202/printing        L0534  25.9mm  78%  0:21:08   0.98x   0.34x 
stat: 00852 04657s : 0202/printing        L0535  26.0mm  78%  0:21:02   1.00x   0.34x 
stat: 00853 04662s : 0202/printing        L0536  26.0mm  78%  0:20:57   0.98x   0.34x 
stat: 00854 04668s : 0202/printing        L0537  26.1mm  78%  0:20:51   0.98x   0.34x 
stat: 00855 04673s : 0202/printing        L0538  26.1mm  79%  0:20:46   1.00x   0.34x 
stat: 00856 04678s : 0202/printing        L0539  26.2mm  79%  0:20:41   0.98x   0.34x 
stat: 00857 04684s : 0202/printing        L0540  26.2mm  79%  0:20:35   0.98x   0.34x 
stat: 00858 04689s : 0202/printing        L0541  26.3mm  79%  0:20:30   0.98x   0.34x 
stat: 00859 04695s : 0202/printing        L0542  26.3mm  79%  0:20:24   1.00x   0.34x 
stat: 00860 04700s : 0202/printing        L0543  26.4mm  79%  0:20:19   1.00x   0.34x 
stat: 00861 04705s : 0202/printing        L0544  26.4mm  79%  0:20:14   1.00x   0.34x 
stat: 00862 04711s : 0202/printing        L0545  26.5mm  79%  0:20:08   0.98x   0.34x 
stat: 00863 04716s : 0202/printing        L0546  26.5mm  79%  0:20:03   0.98x   0.34x 
stat: 00864 04722s : 0202/printing        L0547  26.6mm  79%  0:19:57   0.98x   0.34x 
stat: 00865 04727s : 0202/printing        L0548  26.6mm  79%  0:19:52   1.00x   0.34x 
stat: 00866 04732s : 0202/printing        L0549  26.7mm  80%  0:19:47   1.00x   0.34x 
stat: 00867 04737s : 0202/printing        L0550  26.7mm  80%  0:19:41   1.00x   0.34x 
stat: 00868 04743s : 0202/printing        L0551  26.8mm  80%  0:19:36   1.00x   0.34x 
stat: 00869 04748s : 0202/printing        L0552  26.8mm  80%  0:19:30   1.00x   0.34x 
stat: 00870 04753s : 0202/printing        L0553  26.9mm  80%  0:19:25   1.00x   0.34x 
stat: 00871 04759s : 0202/printing        L0554  26.9mm  80%  0:19:20   1.00x   0.34x 
stat: 00872 04764s : 0202/printing        L0555  27.0mm  80%  0:19:14   0.98x   0.34x 
stat: 00873 04772s : 0202/printing        L0556  27.0mm  80%  0:19:09   0.98x   0.34x 
stat: 00874 04777s : 0202/printing        L0557  27.1mm  80%  0:19:03   1.00x   0.34x 
stat: 00875 04782s : 0202/printing        L0558  27.1mm  80%  0:18:58   1.00x   0.34x 
stat: 00876 04788s : 0202/printing        L0559  27.2mm  80%  0:18:53   1.00x   0.34x 
stat: 00877 04793s : 0202/printing        L0560  27.2mm  81%  0:18:47   1.00x   0.34x 
stat: 00878 04798s : 0202/printing        L0561  27.3mm  81%  0:18:42   1.00x   0.34x 
stat: 00879 04803s : 0202/printing        L0562  27.3mm  81%  0:18:37   1.00x   0.34x 
stat: 00880 04809s : 0202/printing        L0563  27.4mm  81%  0:18:31   0.98x   0.34x 
stat: 00881 04814s : 0202/printing        L0564  27.4mm  81%  0:18:26   0.98x   0.34x 
stat: 00882 04819s : 0202/printing        L0565  27.5mm  81%  0:18:20   0.98x   0.34x 
stat: 00883 04825s : 0202/printing        L0566  27.5mm  81%  0:18:15   1.00x   0.34x 
stat: 00884 04830s : 0202/printing        L0567  27.6mm  81%  0:18:10   1.00x   0.34x 
stat: 00885 04835s : 0202/printing        L0568  27.6mm  81%  0:18:04   1.00x   0.34x 
stat: 00886 04841s : 0202/printing        L0569  27.7mm  81%  0:17:59   1.00x   0.34x 
stat: 00887 04846s : 0202/printing        L0570  27.7mm  81%  0:17:53   0.98x   0.34x 
stat: 00888 04851s : 0202/printing        L0571  27.8mm  82%  0:17:48   0.98x   0.34x 
stat: 00889 04857s : 0202/printing        L0572  27.8mm  82%  0:17:43   0.98x   0.34x 
stat: 00890 04862s : 0202/printing        L0573  27.9mm  82%  0:17:37   0.98x   0.34x 
stat: 00891 04867s : 0202/printing        L0574  27.9mm  82%  0:17:32   1.00x   0.34x 
stat: 00892 04873s : 0202/printing        L0575  28.0mm  82%  0:17:26   1.00x   0.34x 
stat: 00893 04879s : 0202/printing        L0576  28.0mm  82%  0:17:21   0.98x   0.34x 
stat: 00894 04884s : 0202/printing        L0577  28.1mm  82%  0:17:16   0.98x   0.34x 
stat: 00895 04889s : 0202/printing        L0578  28.1mm  82%  0:17:10   1.00x   0.34x 
stat: 00896 04895s : 0202/printing        L0579  28.2mm  82%  0:17:05   1.00x   0.34x 
stat: 00897 04900s : 0202/printing        L0580  28.2mm  82%  0:16:59   1.00x   0.34x 
stat: 00898 04905s : 0202/printing        L0581  28.3mm  82%  0:16:54   0.98x   0.34x 
stat: 00899 04911s : 0202/printing        L0582  28.3mm  83%  0:16:49   1.00x   0.34x 
stat: 00900 04916s : 0202/printing        L0582  28.3mm  83%  0:16:49   0.98x   0.34x 
stat: 00901 04922s : 0202/printing        L0584  28.4mm  83%  0:16:38   0.98x   0.34x 
stat: 00902 04927s : 0202/printing        L0584  28.4mm  83%  0:16:38   1.00x   0.34x 
stat: 00903 04932s : 0202/printing        L0585  28.5mm  83%  0:16:32   1.00x   0.34x 
stat: 00904 04938s : 0202/printing        L0586  28.5mm  83%  0:16:27   1.00x   0.34x 
stat: 00905 04943s : 0202/printing        L0587  28.6mm  83%  0:16:22   1.00x   0.34x 
stat: 00906 04948s : 0202/printing        L0588  28.6mm  83%  0:16:16   1.00x   0.34x 
stat: 00907 04954s : 0202/printing        L0589  28.7mm  83%  0:16:11   1.00x   0.34x 
stat: 00908 04959s : 0202/printing        L0590  28.7mm  83%  0:16:05   1.00x   0.34x 
stat: 00909 04964s : 0202/printing        L0591  28.8mm  83%  0:16:00   0.98x   0.34x 
stat: 00910 04970s : 0202/printing        L0592  28.8mm  83%  0:15:55   0.98x   0.34x 
stat: 00911 04975s : 0202/printing        L0593  28.9mm  84%  0:15:49   1.00x   0.34x 
stat: 00912 04980s : 0202/printing        L0594  28.9mm  84%  0:15:44   0.98x   0.34x 
stat: 00913 04985s : 0202/printing        L0595  29.0mm  84%  0:15:38   0.98x   0.34x 
stat: 00914 04991s : 0202/printing        L0596  29.0mm  84%  0:15:33   1.00x   0.34x 
stat: 00915 04996s : 0202/printing        L0597  29.1mm  84%  0:15:28   1.00x   0.34x 
stat: 00916 05002s : 0202/printing        L0598  29.1mm  84%  0:15:22   0.98x   0.34x 
stat: 00917 05007s : 0202/printing        L0599  29.2mm  84%  0:15:17   1.00x   0.34x 
stat: 00918 05012s : 0202/printing        L0600  29.2mm  84%  0:15:12   1.00x   0.34x 
stat: 00919 05018s : 0202/printing        L0601  29.3mm  84%  0:15:06   0.98x   0.34x 
stat: 00920 05023s : 0202/printing        L0602  29.3mm  84%  0:15:01   0.98x   0.34x 
stat: 00921 05028s : 0202/printing        L0603  29.4mm  84%  0:14:55   1.00x   0.34x 
stat: 00922 05034s : 0202/printing        L0604  29.4mm  85%  0:14:50   0.98x   0.34x 
stat: 00923 05039s : 0202/printing        L0605  29.5mm  85%  0:14:45   0.98x   0.34x 
stat: 00924 05044s : 0202/printing        L0606  29.5mm  85%  0:14:39   0.98x   0.34x 
stat: 00925 05050s : 0202/printing        L0607  29.6mm  85%  0:14:34   1.00x   0.34x 
stat: 00926 05055s : 0202/printing        L0608  29.6mm  85%  0:14:28   1.00x   0.34x 
stat: 00927 05060s : 0202/printing        L0609  29.7mm  85%  0:14:23   1.00x   0.34x 
stat: 00928 05066s : 0202/printing        L0610  29.7mm  85%  0:14:18   1.00x   0.34x 
stat: 00929 05071s : 0202/printing        L0611  29.8mm  85%  0:14:12   0.98x   0.34x 
stat: 00930 05076s : 0202/printing        L0612  29.8mm  85%  0:14:07   0.98x   0.34x 
stat: 00931 05082s : 0202/printing        L0613  29.9mm  85%  0:14:01   1.00x   0.34x 
stat: 00932 05087s : 0202/printing        L0614  29.9mm  85%  0:13:56   0.98x   0.34x 
stat: 00933 05092s : 0202/printing        L0615  30.0mm  86%  0:13:51   0.98x   0.34x 
stat: 00934 05097s : 0202/printing        L0616  30.0mm  86%  0:13:45   1.00x   0.34x 
stat: 00935 05103s : 0202/printing        L0617  30.1mm  86%  0:13:40   1.00x   0.34x 
stat: 00936 05108s : 0202/printing        L0618  30.1mm  86%  0:13:34   1.00x   0.34x 
stat: 00937 05113s : 0202/printing        L0619  30.2mm  86%  0:13:29   0.98x   0.34x 
stat: 00938 05119s : 0202/printing        L0620  30.2mm  86%  0:13:24   0.98x   0.34x 
stat: 00939 05124s : 0202/printing        L0621  30.3mm  86%  0:13:18   0.98x   0.34x 
stat: 00940 05129s : 0202/printing        L0622  30.3mm  86%  0:13:13   0.98x   0.34x 
stat: 00941 05135s : 0202/printing        L0623  30.4mm  86%  0:13:07   1.00x   0.34x 
stat: 00942 05140s : 0202/printing        L0624  30.4mm  86%  0:13:02   1.00x   0.34x 
stat: 00943 05145s : 0202/printing        L0624  30.4mm  86%  0:13:02   1.00x   0.34x 
stat: 00944 05151s : 0202/printing        L0625  30.5mm  86%  0:12:57   1.00x   0.34x 
stat: 00945 05156s : 0202/printing        L0626  30.5mm  87%  0:12:51   0.98x   0.34x 
stat: 00946 05161s : 0202/printing        L0627  30.6mm  87%  0:12:46   1.00x   0.34x 
stat: 00947 05167s : 0202/printing        L0628  30.6mm  87%  0:12:40   1.00x   0.34x 
stat: 00948 05172s : 0202/printing        L0629  30.7mm  87%  0:12:35   0.98x   0.34x 
stat: 00949 05177s : 0202/printing        L0630  30.7mm  87%  0:12:30   1.00x   0.34x 
stat: 00950 05183s : 0202/printing        L0631  30.8mm  87%  0:12:24   0.98x   0.34x 
stat: 00951 05189s : 0202/printing        L0632  30.8mm  87%  0:12:19   0.98x   0.34x 
stat: 00952 05194s : 0202/printing        L0633  30.9mm  87%  0:12:13   0.98x   0.34x 
stat: 00953 05199s : 0202/printing        L0634  30.9mm  87%  0:12:08   1.00x   0.34x 
stat: 00954 05205s : 0202/printing        L0635  31.0mm  87%  0:12:03   1.00x   0.34x 
stat: 00955 05210s : 0202/printing        L0636  31.0mm  87%  0:11:57   0.98x   0.34x 
stat: 00956 05215s : 0202/printing        L0637  31.1mm  88%  0:11:52   1.00x   0.34x 
stat: 00957 05223s : 0202/printing        L0639  31.2mm  88%  0:11:41   1.00x   0.34x 
stat: 00958 05228s : 0202/printing        L0640  31.2mm  88%  0:11:36   1.00x   0.34x 
stat: 00959 05233s : 0202/printing        L0641  31.3mm  88%  0:11:30   1.00x   0.34x 
stat: 00960 05238s : 0202/printing        L0642  31.3mm  88%  0:11:25   0.98x   0.34x 
stat: 00961 05244s : 0202/printing        L0643  31.4mm  88%  0:11:20   1.00x   0.34x 
stat: 00962 05249s : 0202/printing        L0644  31.4mm  88%  0:11:14   0.98x   0.34x 
stat: 00963 05254s : 0202/printing        L0645  31.5mm  88%  0:11:09   0.98x   0.34x 
stat: 00964 05260s : 0202/printing        L0645  31.5mm  88%  0:11:09   0.98x   0.34x 
stat: 00965 05265s : 0202/printing        L0646  31.5mm  88%  0:11:03   1.00x   0.34x 
stat: 00966 05270s : 0202/printing        L0647  31.6mm  88%  0:10:58   1.00x   0.34x 
stat: 00967 05276s : 0202/printing        L0648  31.6mm  89%  0:10:53   1.00x   0.34x 
stat: 00968 05281s : 0202/printing        L0649  31.7mm  89%  0:10:47   1.00x   0.34x 
stat: 00969 05286s : 0202/printing        L0650  31.7mm  89%  0:10:42   1.00x   0.34x 
stat: 00970 05292s : 0202/printing        L0651  31.8mm  89%  0:10:36   1.00x   0.34x 
stat: 00971 05297s : 0202/printing        L0652  31.8mm  89%  0:10:31   0.98x   0.34x 
stat: 00972 05302s : 0202/printing        L0653  31.9mm  89%  0:10:26   0.98x   0.34x 
stat: 00973 05308s : 0202/printing        L0654  31.9mm  89%  0:10:20   1.00x   0.34x 
stat: 00974 05313s : 0202/printing        L0655  32.0mm  89%  0:10:15   1.00x   0.34x 
stat: 00975 05318s : 0202/printing        L0656  32.0mm  89%  0:10:09   1.00x   0.34x 
stat: 00976 05324s : 0202/printing        L0657  32.1mm  89%  0:10:04   0.98x   0.34x 
stat: 00977 05329s : 0202/printing        L0658  32.1mm  89%  0:09:59   0.98x   0.34x 
stat: 00978 05335s : 0202/printing        L0659  32.2mm  90%  0:09:53   0.98x   0.34x 
stat: 00979 05340s : 0202/printing        L0660  32.2mm  90%  0:09:48   1.00x   0.34x 
stat: 00980 05345s : 0202/printing        L0661  32.3mm  90%  0:09:42   1.00x   0.34x 
stat: 00981 05351s : 0202/printing        L0662  32.3mm  90%  0:09:37   0.98x   0.34x 
stat: 00982 05356s : 0202/printing        L0663  32.4mm  90%  0:09:32   1.00x   0.34x 
stat: 00983 05361s : 0202/printing        L0663  32.4mm  90%  0:09:32   0.98x   0.34x 
stat: 00984 05366s : 0202/printing        L0664  32.4mm  90%  0:09:19   1.00x   0.34x 
stat: 00985 05372s : 0202/printing        L0664  32.4mm  90%  0:09:19   0.98x   0.34x 
stat: 00986 05377s : 0202/printing        L0664  32.4mm  90%  0:09:19   0.98x   0.34x 
stat: 00987 05383s : 0202/printing        L0665  32.5mm  90%  0:09:06   0.98x   0.34x 
stat: 00988 05388s : 0202/printing        L0665  32.5mm  90%  0:09:06   1.00x   0.34x 
stat: 00989 05393s : 0202/printing        L0666  32.5mm  91%  0:08:53   0.98x   0.34x 
stat: 00990 05399s : 0202/printing        L0666  32.5mm  91%  0:08:53   0.98x   0.34x 
stat: 00991 05404s : 0202/printing        L0667  32.6mm  91%  0:08:41   0.98x   0.34x 
stat: 00992 05409s : 0202/printing        L0667  32.6mm  91%  0:08:41   1.00x   0.34x 
stat: 00993 05415s : 0202/printing        L0667  32.6mm  91%  0:08:41   1.00x   0.34x 
stat: 00994 05420s : 0202/printing        L0668  32.6mm  91%  0:08:28   1.00x   0.34x 
stat: 00995 05426s : 0202/printing        L0668  32.6mm  91%  0:08:28   0.98x   0.34x 
stat: 00996 05431s : 0202/printing        L0669  32.7mm  91%  0:08:16   0.98x   0.34x 
stat: 00997 05436s : 0202/printing        L0669  32.7mm  91%  0:08:16   0.98x   0.34x 
stat: 00998 05442s : 0202/printing        L0670  32.7mm  91%  0:08:03   1.00x   0.34x 
stat: 00999 05447s : 0202/printing        L0670  32.7mm  91%  0:08:03   1.00x   0.34x 
stat: 01000 05452s : 0202/printing        L0670  32.7mm  91%  0:08:03   1.00x   0.34x 
stat: 01001 05458s : 0202/printing        L0671  32.8mm  92%  0:07:51   1.00x   0.34x 
stat: 01002 05463s : 0202/printing        L0671  32.8mm  92%  0:07:51   0.98x   0.34x 
stat: 01003 05468s : 0202/printing        L0672  32.8mm  92%  0:07:38   0.98x   0.34x 
stat: 01004 05473s : 0202/printing        L0672  32.8mm  92%  0:07:38   0.98x   0.34x 
stat: 01005 05479s : 0202/printing        L0672  32.8mm  92%  0:07:38   0.98x   0.34x 
stat: 01006 05484s : 0202/printing        L0673  32.9mm  92%  0:07:25   1.00x   0.34x 
stat: 01007 05489s : 0202/printing        L0673  32.9mm  92%  0:07:25   0.98x   0.34x 
stat: 01008 05495s : 0202/printing        L0674  32.9mm  92%  0:07:12   1.00x   0.34x 
stat: 01009 05500s : 0202/printing        L0674  32.9mm  92%  0:07:12   0.98x   0.34x 
stat: 01010 05505s : 0202/printing        L0675  33.0mm  92%  0:07:00   0.98x   0.34x 
stat: 01011 05511s : 0202/printing        L0675  33.0mm  92%  0:07:00   0.98x   0.34x 
stat: 01012 05516s : 0202/printing        L0676  33.0mm  93%  0:06:53   0.98x   0.34x 
stat: 01013 05521s : 0202/printing        L0677  33.1mm  93%  0:06:46   1.00x   0.34x 
stat: 01014 05527s : 0202/printing        L0678  33.1mm  93%  0:06:39   1.00x   0.34x 
stat: 01015 05532s : 0202/printing        L0678  33.1mm  93%  0:06:39   0.98x   0.34x 
stat: 01016 05537s : 0202/printing        L0679  33.2mm  93%  0:06:31   0.98x   0.34x 
stat: 01017 05543s : 0202/printing        L0680  33.2mm  93%  0:06:24   1.00x   0.34x 
stat: 01018 05548s : 0202/printing        L0681  33.3mm  93%  0:06:17   1.00x   0.34x 
stat: 01019 05554s : 0202/printing        L0681  33.3mm  93%  0:06:17   0.98x   0.34x 
stat: 01020 05559s : 0202/printing        L0682  33.3mm  93%  0:06:10   0.98x   0.34x 
stat: 01021 05564s : 0202/printing        L0683  33.4mm  93%  0:06:03   0.98x   0.34x 
stat: 01022 05570s : 0202/printing        L0684  33.4mm  94%  0:05:56   1.00x   0.34x 
stat: 01023 05575s : 0202/printing        L0684  33.4mm  94%  0:05:56   1.00x   0.34x 
stat: 01024 05580s : 0202/printing        L0685  33.5mm  94%  0:05:49   1.00x   0.34x 
stat: 01025 05586s : 0202/printing        L0686  33.5mm  94%  0:05:42   1.00x   0.34x 
stat: 01026 05591s : 0202/printing        L0687  33.6mm  94%  0:05:35   1.00x   0.34x 
stat: 01027 05596s : 0202/printing        L0687  33.6mm  94%  0:05:35   0.98x   0.34x 
stat: 01028 05602s : 0202/printing        L0688  33.6mm  94%  0:05:27   0.98x   0.34x 
stat: 01029 05607s : 0202/printing        L0689  33.7mm  94%  0:05:21   0.98x   0.34x 
stat: 01030 05613s : 0202/printing        L0690  33.7mm  94%  0:05:13   0.98x   0.34x 
stat: 01031 05618s : 0202/printing        L0690  33.7mm  94%  0:05:13   0.98x   0.34x 
stat: 01032 05624s : 0202/printing        L0691  33.8mm  94%  0:05:06   0.98x   0.34x 
stat: 01033 05629s : 0202/printing        L0692  33.8mm  94%  0:04:59   0.98x   0.34x 
stat: 01034 05635s : 0202/printing        L0693  33.9mm  95%  0:04:52   1.00x   0.34x 
stat: 01035 05640s : 0202/printing        L0693  33.9mm  95%  0:04:52   1.00x   0.34x 
stat: 01036 05645s : 0202/printing        L0694  33.9mm  95%  0:04:45   1.00x   0.34x 
stat: 01037 05651s : 0202/printing        L0695  34.0mm  95%  0:04:38   1.00x   0.34x 
stat: 01038 05656s : 0202/printing        L0696  34.0mm  95%  0:04:31   1.00x   0.34x 
stat: 01039 05661s : 0202/printing        L0696  34.0mm  95%  0:04:31   0.98x   0.34x 
stat: 01040 05667s : 0202/printing        L0697  34.1mm  95%  0:04:24   0.98x   0.34x 
stat: 01041 05672s : 0202/printing        L0698  34.1mm  95%  0:04:17   0.98x   0.34x 
stat: 01042 05678s : 0202/printing        L0699  34.2mm  95%  0:04:10   0.98x   0.34x 
stat: 01043 05683s : 0202/printing        L0699  34.2mm  95%  0:04:10   1.00x   0.34x 
stat: 01044 05688s : 0202/printing        L0700  34.2mm  95%  0:04:03   1.00x   0.34x 
stat: 01045 05694s : 0202/printing        L0701  34.3mm  96%  0:03:56   1.00x   0.34x 
stat: 01046 05699s : 0202/printing        L0702  34.3mm  96%  0:03:49   1.00x   0.34x 
stat: 01047 05705s : 0202/printing        L0703  34.4mm  96%  0:03:42   0.98x   0.34x 
stat: 01048 05710s : 0202/printing        L0703  34.4mm  96%  0:03:42   0.98x   0.34x 
stat: 01049 05715s : 0202/printing        L0704  34.4mm  96%  0:03:35   1.00x   0.34x 
stat: 01050 05721s : 0202/printing        L0705  34.5mm  96%  0:03:28   0.98x   0.34x 
stat: 01051 05726s : 0202/printing        L0706  34.5mm  96%  0:03:20   0.98x   0.34x 
stat: 01052 05732s : 0202/printing        L0706  34.5mm  96%  0:03:20   0.98x   0.34x 
stat: 01053 05737s : 0202/printing        L0707  34.6mm  96%  0:03:13   1.00x   0.34x 
stat: 01054 05743s : 0202/printing        L0708  34.6mm  96%  0:03:06   1.00x   0.34x 
stat: 01055 05748s : 0202/printing        L0709  34.7mm  96%  0:02:59   0.98x   0.34x 
stat: 01056 05754s : 0202/printing        L0709  34.7mm  96%  0:02:59   0.98x   0.34x 
stat: 01057 05759s : 0202/printing        L0710  34.7mm  97%  0:02:52   1.00x   0.34x 
stat: 01058 05764s : 0202/printing        L0711  34.8mm  97%  0:02:45   1.00x   0.34x 
stat: 01059 05770s : 0202/printing        L0712  34.8mm  97%  0:02:38   0.98x   0.34x 
stat: 01060 05775s : 0202/printing        L0712  34.8mm  97%  0:02:38   0.98x   0.34x 
stat: 01061 05780s : 0202/printing        L0713  34.9mm  97%  0:02:31   0.98x   0.34x 
stat: 01062 05786s : 0202/printing        L0714  34.9mm  97%  0:02:24   0.98x   0.34x 
stat: 01063 05791s : 0202/printing        L0715  35.0mm  97%  0:02:17   1.00x   0.34x 
stat: 01064 05797s : 0202/printing        L0715  35.0mm  97%  0:02:17   1.00x   0.34x 
stat: 01065 05802s : 0202/printing        L0716  35.0mm  97%  0:02:10   1.00x   0.34x 
stat: 01066 05807s : 0202/printing        L0717  35.1mm  97%  0:02:02   0.98x   0.34x 
stat: 01067 05812s : 0202/printing        L0718  35.1mm  98%  0:01:55   0.98x   0.34x 
stat: 01068 05818s : 0202/printing        L0718  35.1mm  98%  0:01:55   1.00x   0.34x 
stat: 01069 05823s : 0202/printing        L0719  35.2mm  98%  0:01:48   1.00x   0.34x 
stat: 01070 05828s : 0202/printing        L0720  35.2mm  98%  0:01:41   1.00x   0.34x 
stat: 01071 05834s : 0202/printing        L0721  35.3mm  98%  0:01:34   1.00x   0.34x 
stat: 01072 05839s : 0202/printing        L0721  35.3mm  98%  0:01:34   0.98x   0.34x 
stat: 01073 05845s : 0202/printing        L0722  35.3mm  98%  0:01:27   0.98x   0.34x 
stat: 01074 05850s : 0202/printing        L0723  35.4mm  98%  0:01:20   0.98x   0.34x 
stat: 01075 05855s : 0202/printing        L0724  35.4mm  98%  0:01:13   1.00x   0.34x 
stat: 01076 05861s : 0202/printing        L0724  35.4mm  98%  0:01:13   0.98x   0.34x 
stat: 01077 05866s : 0202/printing        L0725  35.5mm  98%  0:01:07   0.98x   0.34x 
stat: 01078 05871s : 0202/printing        L0726  35.5mm  98%  0:01:00   0.98x   0.34x 
stat: 01079 05877s : 0202/printing        L0727  35.6mm  99%  0:00:53   1.00x   0.34x 
stat: 01080 05882s : 0202/printing        L0728  35.6mm  99%  0:00:47   0.98x   0.34x 
stat: 01081 05888s : 0202/printing        L0728  35.6mm  99%  0:00:47   0.98x   0.34x 
stat: 01082 05893s : 0202/printing        L0729  35.7mm  99%  0:00:40   0.98x   0.34x 
stat: 01083 05898s : 0202/printing        L0730  35.7mm  99%  0:00:33   1.00x   0.34x 
stat: 01084 05904s : 0202/printing        L0731  35.8mm  99%  0:00:27   1.00x   0.34x 
stat: 01085 05909s : 0202/printing        L0732  35.8mm  99%  0:00:20   1.00x   0.34x 
stat: 01086 05915s : 0202/printing        L0732  35.8mm  99%  0:00:20   0.98x   0.34x 
stat: 01087 05920s : 0202/printing        L0733  35.9mm  99%  0:00:13   1.00x   0.34x 
stat: 01088 05925s : 0202/printing        L0734  35.9mm  99%  0:00:07   0.98x   0.34x 
stat: 01089 05931s : 0202/printing        L0000   0.0mm 100%  0:00:00 190.34C  17.32C 
loop: Get status failed
stat: 01090 05943s : 0103/ready           L0000   0.0mm   0%  0:00:00 182.54C  17.32C 
stat: 01091 05949s : 0103/ready           L0000   0.0mm   0%  0:00:00 175.88C  17.32C 
stat: 01092 05954s : 0103/ready           L0000   0.0mm   0%  0:00:00 171.50C  17.32C 
loop: Get status failed
stat: 01093 05967s : 0103/ready           L0000   0.0mm   0%  0:00:00 159.00C  17.32C 
stat: 01094 05972s : 0103/ready           L0000   0.0mm   0%  0:00:00 153.16C  17.32C 
stat: 01095 05977s : 0103/ready           L0000   0.0mm   0%  0:00:00 147.50C  17.32C 
stat: 01096 05983s : 0103/ready           L0000   0.0mm   0%  0:00:00 143.90C  17.32C 
stat: 01097 05988s : 0103/ready           L0000   0.0mm   0%  0:00:00 138.70C  17.32C 
stat: 01098 05994s : 0103/ready           L0000   0.0mm   0%  0:00:00 133.76C  17.32C 
stat: 01099 05999s : 0103/ready           L0000   0.0mm   0%  0:00:00 130.56C  17.32C 
stat: 01100 06004s : 0103/ready           L0000   0.0mm   0%  0:00:00 125.96C  17.32C 
stat: 01101 06010s : 0103/ready           L0000   0.0mm   0%  0:00:00 123.00C  17.32C 
stat: 01102 06015s : 0103/ready           L0000   0.0mm   0%  0:00:00 118.72C  17.32C 
stat: 01103 06021s : 0103/ready           L0000   0.0mm   0%  0:00:00 114.64C  17.32C 
stat: 01104 06026s : 0103/ready           L0000   0.0mm   0%  0:00:00 112.04C  17.32C 
stat: 01105 06031s : 0103/ready           L0000   0.0mm   0%  0:00:00 108.28C  17.32C 
stat: 01106 06037s : 0103/ready           L0000   0.0mm   0%  0:00:00 104.66C  17.32C 
stat: 01107 06043s : 0103/ready           L0000   0.0mm   0%  0:00:00 102.34C  17.32C 
stat: 01108 06048s : 0103/ready           L0000   0.0mm   0%  0:00:00  99.00C  17.32C 
stat: 01109 06053s : 0103/ready           L0000   0.0mm   0%  0:00:00  95.80C  17.32C 
stat: 01110 06058s : 0103/ready           L0000   0.0mm   0%  0:00:00  93.76C  17.32C 
stat: 01111 06064s : 0103/ready           L0000   0.0mm   0%  0:00:00  90.82C  17.32C 
stat: 01112 06069s : 0103/ready           L0000   0.0mm   0%  0:00:00  88.94C  17.32C 
stat: 01113 06074s : 0103/ready           L0000   0.0mm   0%  0:00:00  86.22C  17.32C 
stat: 01114 06080s : 0103/ready           L0000   0.0mm   0%  0:00:00  83.62C  17.32C 
stat: 01115 06085s : 0103/ready           L0000   0.0mm   0%  0:00:00  81.96C  17.32C 
